Starting audit...
/home/dashaa/ODeskJobs/PlanteMayoLtd/debrief_daria/trunk/org.mwc.asset.NetAsset2/src/org/mwc/asset/netasset2/connect/ConnectRCPView.java:54:67: Unable to get class information for PartInitException.
/home/dashaa/ODeskJobs/PlanteMayoLtd/debrief_daria/trunk/org.mwc.asset.NetAsset2/src/org/mwc/asset/netasset2/core/PClient.java:385:49: String literal expressions should be on the left side of an equals comparison.
/home/dashaa/ODeskJobs/PlanteMayoLtd/debrief_daria/trunk/org.mwc.asset.NetAsset2/src/org/mwc/asset/netasset2/part/VPart.java:312:54: String literal expressions should be on the left side of an equals comparison.
/home/dashaa/ODeskJobs/PlanteMayoLtd/debrief_daria/trunk/org.mwc.asset.NetAsset2/src/org/mwc/asset/netasset2/part/VPart.java:326:55: String literal expressions should be on the left side of an equals comparison.
/home/dashaa/ODeskJobs/PlanteMayoLtd/debrief_daria/trunk/org.mwc.asset.NetAsset2/src/org/mwc/asset/netasset2/part/VPart.java:340:54: String literal expressions should be on the left side of an equals comparison.
/home/dashaa/ODeskJobs/PlanteMayoLtd/debrief_daria/trunk/org.mwc.asset.ScenarioController2/src/org/mwc/asset/scenariocontroller2/views/MultiScenarioView.java:554:67: Unable to get class information for PartInitException.
/home/dashaa/ODeskJobs/PlanteMayoLtd/debrief_daria/trunk/org.mwc.asset.ScenarioPlotter/src/org/mwc/asset/scenarioplotter/editors/ASSETPlotEditor.java:428:32: Unable to get class information for PartInitException.
/home/dashaa/ODeskJobs/PlanteMayoLtd/debrief_daria/trunk/org.mwc.asset.comms/src/org/mwc/asset/comms/xmpp/TestOne.java:20:68: Unable to get class information for XMPPException.
/home/dashaa/ODeskJobs/PlanteMayoLtd/debrief_daria/trunk/org.mwc.asset.comms/src/org/mwc/asset/comms/xmpp/TestOne.java:30:67: Unable to get class information for XMPPException.
/home/dashaa/ODeskJobs/PlanteMayoLtd/debrief_daria/trunk/org.mwc.asset.comms/src/org/mwc/asset/comms/xmpp/TestOne.java:59:55: Unable to get class information for XMPPException.
/home/dashaa/ODeskJobs/PlanteMayoLtd/debrief_daria/trunk/org.mwc.asset.legacy/src/ASSET/GUI/CommandLine/CommandLine.java:362:32: Redundant throws: 'RuntimeException' is unchecked exception.
/home/dashaa/ODeskJobs/PlanteMayoLtd/debrief_daria/trunk/org.mwc.asset.legacy/src/ASSET/GUI/CommandLine/CommandLine.java:668:75: String literal expressions should be on the left side of an equals comparison.
/home/dashaa/ODeskJobs/PlanteMayoLtd/debrief_daria/trunk/org.mwc.asset.legacy/src/ASSET/GUI/Core/CoreGUISwing.java:479:41: String literal expressions should be on the left side of an equals comparison.
/home/dashaa/ODeskJobs/PlanteMayoLtd/debrief_daria/trunk/org.mwc.asset.legacy/src/ASSET/GUI/SuperSearch/SSBuilderSwing.java:125:36: String literal expressions should be on the left side of an equals comparison.
/home/dashaa/ODeskJobs/PlanteMayoLtd/debrief_daria/trunk/org.mwc.asset.legacy/src/ASSET/Models/Decision/Movement/Evade.java:379:37: String literal expressions should be on the left side of an equals comparison.
/home/dashaa/ODeskJobs/PlanteMayoLtd/debrief_daria/trunk/org.mwc.asset.legacy/src/ASSET/Models/Decision/Movement/Move.java:170:24: Literal Strings should be compared using equals(), not '=='.
/home/dashaa/ODeskJobs/PlanteMayoLtd/debrief_daria/trunk/org.mwc.asset.legacy/src/ASSET/Models/Decision/Movement/TransitWaypoint.java:562:17: Control variable 'newTime' is modified.
/home/dashaa/ODeskJobs/PlanteMayoLtd/debrief_daria/trunk/org.mwc.asset.legacy/src/ASSET/Models/Decision/Tactical/Investigate.java:346:30: Literal Strings should be compared using equals(), not '=='.
/home/dashaa/ODeskJobs/PlanteMayoLtd/debrief_daria/trunk/org.mwc.asset.legacy/src/ASSET/Models/Decision/Tactical/Investigate.java:1658:41: switch without "default" clause.
/home/dashaa/ODeskJobs/PlanteMayoLtd/debrief_daria/trunk/org.mwc.asset.legacy/src/ASSET/Models/Decision/Tactical/Investigate.java:1869:41: switch without "default" clause.
/home/dashaa/ODeskJobs/PlanteMayoLtd/debrief_daria/trunk/org.mwc.asset.legacy/src/ASSET/Models/Decision/Tactical/SternArcClearance.java:281:7: switch without "default" clause.
/home/dashaa/ODeskJobs/PlanteMayoLtd/debrief_daria/trunk/org.mwc.asset.legacy/src/ASSET/Models/Movement/DirectedOnTopWaypoint.java:689:94: Unable to get class information for TurnType.PointsTooCloseException.
/home/dashaa/ODeskJobs/PlanteMayoLtd/debrief_daria/trunk/org.mwc.asset.legacy/src/ASSET/Models/Sensor/Lookup/LookupSensor.java:217:25: switch without "default" clause.
/home/dashaa/ODeskJobs/PlanteMayoLtd/debrief_daria/trunk/org.mwc.asset.legacy/src/ASSET/Models/Sensor/Lookup/LookupSensor.java:1870:41: switch without "default" clause.
/home/dashaa/ODeskJobs/PlanteMayoLtd/debrief_daria/trunk/org.mwc.asset.legacy/src/ASSET/Scenario/CoreScenario.java:1008:49: String literal expressions should be on the left side of an equals comparison.
/home/dashaa/ODeskJobs/PlanteMayoLtd/debrief_daria/trunk/org.mwc.asset.legacy/src/ASSET/Server/MonteCarlo/Components/Choice.java:128:27: String literal expressions should be on the left side of an equals comparison.
/home/dashaa/ODeskJobs/PlanteMayoLtd/debrief_daria/trunk/org.mwc.asset.legacy/src/ASSET/Server/MonteCarlo/Components/Choice.java:132:27: String literal expressions should be on the left side of an equals comparison.
/home/dashaa/ODeskJobs/PlanteMayoLtd/debrief_daria/trunk/org.mwc.asset.legacy/src/ASSET/Server/MonteCarlo/Components/Choice.java:136:27: String literal expressions should be on the left side of an equals comparison.
/home/dashaa/ODeskJobs/PlanteMayoLtd/debrief_daria/trunk/org.mwc.asset.legacy/src/ASSET/Util/MonteCarlo/LocationArea.java:105:61: String literal expressions should be on the left side of an equals comparison.
/home/dashaa/ODeskJobs/PlanteMayoLtd/debrief_daria/trunk/org.mwc.asset.legacy/src/ASSET/Util/MonteCarlo/LocationArea.java:110:66: String literal expressions should be on the left side of an equals comparison.
/home/dashaa/ODeskJobs/PlanteMayoLtd/debrief_daria/trunk/org.mwc.asset.legacy/src/ASSET/Util/MonteCarlo/LocationArea.java:115:66: String literal expressions should be on the left side of an equals comparison.
/home/dashaa/ODeskJobs/PlanteMayoLtd/debrief_daria/trunk/org.mwc.asset.legacy/src/ASSET/Util/MonteCarlo/LocationOffset.java:119:43: String literal expressions should be on the left side of an equals comparison.
/home/dashaa/ODeskJobs/PlanteMayoLtd/debrief_daria/trunk/org.mwc.asset.legacy/src/ASSET/Util/MonteCarlo/LocationOffset.java:124:48: String literal expressions should be on the left side of an equals comparison.
/home/dashaa/ODeskJobs/PlanteMayoLtd/debrief_daria/trunk/org.mwc.asset.legacy/src/ASSET/Util/MonteCarlo/MultiParticipantGenerator.java:169:32: Unable to get class information for XMLVariance.IllegalExpressionException.
/home/dashaa/ODeskJobs/PlanteMayoLtd/debrief_daria/trunk/org.mwc.asset.legacy/src/ASSET/Util/MonteCarlo/MultiParticipantGenerator.java:170:25: Redundant throws: 'XMLVariance.MatchingException' listed more then one time.
/home/dashaa/ODeskJobs/PlanteMayoLtd/debrief_daria/trunk/org.mwc.asset.legacy/src/ASSET/Util/MonteCarlo/MultiParticipantGenerator.java:170:25: Unable to get class information for XMLVariance.MatchingException.
/home/dashaa/ODeskJobs/PlanteMayoLtd/debrief_daria/trunk/org.mwc.asset.legacy/src/ASSET/Util/MonteCarlo/MultiScenarioGenerator.java:128:46: Literal Strings should be compared using equals(), not '!='.
/home/dashaa/ODeskJobs/PlanteMayoLtd/debrief_daria/trunk/org.mwc.asset.legacy/src/ASSET/Util/MonteCarlo/MultiScenarioGenerator.java:200:32: Unable to get class information for XMLVariance.IllegalExpressionException.
/home/dashaa/ODeskJobs/PlanteMayoLtd/debrief_daria/trunk/org.mwc.asset.legacy/src/ASSET/Util/MonteCarlo/MultiScenarioGenerator.java:201:25: Redundant throws: 'XMLVariance.MatchingException' listed more then one time.
/home/dashaa/ODeskJobs/PlanteMayoLtd/debrief_daria/trunk/org.mwc.asset.legacy/src/ASSET/Util/MonteCarlo/MultiScenarioGenerator.java:201:25: Unable to get class information for XMLVariance.MatchingException.
/home/dashaa/ODeskJobs/PlanteMayoLtd/debrief_daria/trunk/org.mwc.asset.legacy/src/ASSET/Util/MonteCarlo/MultiScenarioGenerator.java:312:32: Unable to get class information for XMLVariance.IllegalExpressionException.
/home/dashaa/ODeskJobs/PlanteMayoLtd/debrief_daria/trunk/org.mwc.asset.legacy/src/ASSET/Util/MonteCarlo/MultiScenarioGenerator.java:313:25: Redundant throws: 'XMLVariance.MatchingException' listed more then one time.
/home/dashaa/ODeskJobs/PlanteMayoLtd/debrief_daria/trunk/org.mwc.asset.legacy/src/ASSET/Util/MonteCarlo/MultiScenarioGenerator.java:313:25: Unable to get class information for XMLVariance.MatchingException.
/home/dashaa/ODeskJobs/PlanteMayoLtd/debrief_daria/trunk/org.mwc.asset.legacy/src/ASSET/Util/MonteCarlo/MultiScenarioGenerator.java:433:32: Unable to get class information for XMLVariance.IllegalExpressionException.
/home/dashaa/ODeskJobs/PlanteMayoLtd/debrief_daria/trunk/org.mwc.asset.legacy/src/ASSET/Util/MonteCarlo/MultiScenarioGenerator.java:434:25: Redundant throws: 'XMLVariance.MatchingException' listed more then one time.
/home/dashaa/ODeskJobs/PlanteMayoLtd/debrief_daria/trunk/org.mwc.asset.legacy/src/ASSET/Util/MonteCarlo/MultiScenarioGenerator.java:434:25: Unable to get class information for XMLVariance.MatchingException.
/home/dashaa/ODeskJobs/PlanteMayoLtd/debrief_daria/trunk/org.mwc.asset.legacy/src/ASSET/Util/MonteCarlo/ParticipantVariance.java:116:47: String literal expressions should be on the left side of an equals comparison.
/home/dashaa/ODeskJobs/PlanteMayoLtd/debrief_daria/trunk/org.mwc.asset.legacy/src/ASSET/Util/MonteCarlo/ParticipantVariance.java:178:32: Unable to get class information for XMLVariance.IllegalExpressionException.
/home/dashaa/ODeskJobs/PlanteMayoLtd/debrief_daria/trunk/org.mwc.asset.legacy/src/ASSET/Util/MonteCarlo/ParticipantVariance.java:179:25: Redundant throws: 'XMLVariance.MatchingException' listed more then one time.
/home/dashaa/ODeskJobs/PlanteMayoLtd/debrief_daria/trunk/org.mwc.asset.legacy/src/ASSET/Util/MonteCarlo/ParticipantVariance.java:179:25: Unable to get class information for XMLVariance.MatchingException.
/home/dashaa/ODeskJobs/PlanteMayoLtd/debrief_daria/trunk/org.mwc.asset.legacy/src/ASSET/Util/MonteCarlo/ParticipantVariance.java:228:53: Literal Strings should be compared using equals(), not '=='.
/home/dashaa/ODeskJobs/PlanteMayoLtd/debrief_daria/trunk/org.mwc.asset.legacy/src/ASSET/Util/MonteCarlo/ScenarioGenerator.java:395:46: Redundant throws: 'SAXParseException' is subclass of 'SAXException'.
/home/dashaa/ODeskJobs/PlanteMayoLtd/debrief_daria/trunk/org.mwc.asset.legacy/src/ASSET/Util/MonteCarlo/ScenarioGenerator.java:536:67: String literal expressions should be on the left side of an equals comparison.
/home/dashaa/ODeskJobs/PlanteMayoLtd/debrief_daria/trunk/org.mwc.asset.legacy/src/ASSET/Util/MonteCarlo/XMLChoice.java:220:51: String literal expressions should be on the left side of an equals comparison.
/home/dashaa/ODeskJobs/PlanteMayoLtd/debrief_daria/trunk/org.mwc.asset.legacy/src/ASSET/Util/MonteCarlo/XMLChoice.java:224:51: String literal expressions should be on the left side of an equals comparison.
/home/dashaa/ODeskJobs/PlanteMayoLtd/debrief_daria/trunk/org.mwc.asset.legacy/src/ASSET/Util/MonteCarlo/XMLChoice.java:228:51: String literal expressions should be on the left side of an equals comparison.
/home/dashaa/ODeskJobs/PlanteMayoLtd/debrief_daria/trunk/org.mwc.asset.legacy/src/ASSET/Util/MonteCarlo/XMLChoice.java:255:51: String literal expressions should be on the left side of an equals comparison.
/home/dashaa/ODeskJobs/PlanteMayoLtd/debrief_daria/trunk/org.mwc.asset.legacy/src/ASSET/Util/MonteCarlo/XMLChoice.java:259:51: String literal expressions should be on the left side of an equals comparison.
/home/dashaa/ODeskJobs/PlanteMayoLtd/debrief_daria/trunk/org.mwc.asset.legacy/src/ASSET/Util/MonteCarlo/XMLVariance.java:193:57: Unable to get class information for MatchingException.
/home/dashaa/ODeskJobs/PlanteMayoLtd/debrief_daria/trunk/org.mwc.asset.legacy/src/ASSET/Util/MonteCarlo/XMLVariance.java:194:25: Redundant throws: 'IllegalExpressionException' listed more then one time.
/home/dashaa/ODeskJobs/PlanteMayoLtd/debrief_daria/trunk/org.mwc.asset.legacy/src/ASSET/Util/MonteCarlo/XMLVariance.java:194:25: Unable to get class information for IllegalExpressionException.
/home/dashaa/ODeskJobs/PlanteMayoLtd/debrief_daria/trunk/org.mwc.asset.legacy/src/ASSET/Util/MonteCarlo/XMLVarianceList.java:121:85: Unable to get class information for XMLVariance.IllegalExpressionException.
/home/dashaa/ODeskJobs/PlanteMayoLtd/debrief_daria/trunk/org.mwc.asset.legacy/src/ASSET/Util/MonteCarlo/XMLVarianceList.java:122:7: Redundant throws: 'XMLVariance.MatchingException' listed more then one time.
/home/dashaa/ODeskJobs/PlanteMayoLtd/debrief_daria/trunk/org.mwc.asset.legacy/src/ASSET/Util/MonteCarlo/XMLVarianceList.java:122:7: Unable to get class information for XMLVariance.MatchingException.
/home/dashaa/ODeskJobs/PlanteMayoLtd/debrief_daria/trunk/org.mwc.asset.legacy/src/ASSET/Util/XML/ASSETReaderWriter.java:484:37: String literal expressions should be on the left side of an equals comparison.
/home/dashaa/ODeskJobs/PlanteMayoLtd/debrief_daria/trunk/org.mwc.asset.legacy/src/ASSET/Util/XML/Control/Observers/CoreFileObserverHandler.java:54:17: Literal Strings should be compared using equals(), not '!='.
/home/dashaa/ODeskJobs/PlanteMayoLtd/debrief_daria/trunk/org.mwc.asset.legacy/src/ASSET/Util/XML/Tools/OpenScenarioXML.java:46:36: Literal Strings should be compared using equals(), not '=='.
/home/dashaa/ODeskJobs/PlanteMayoLtd/debrief_daria/trunk/org.mwc.asset.legacy/src/ASSET/Util/XML/Tools/SaveScenarioAsXML.java:36:23: Literal Strings should be compared using equals(), not '=='.
/home/dashaa/ODeskJobs/PlanteMayoLtd/debrief_daria/trunk/org.mwc.asset.legacy/src/ASSET/Util/XML/Vessels/Util/DemandedStatusHandler.java:64:27: String literal expressions should be on the left side of an equals comparison.
/home/dashaa/ODeskJobs/PlanteMayoLtd/debrief_daria/trunk/org.mwc.cmap.NarrativeViewer/src/org/mwc/cmap/NarrativeViewer/app/NViewerView.java:730:32: Redundant throws: 'IllegalArgumentException' is unchecked exception.
/home/dashaa/ODeskJobs/PlanteMayoLtd/debrief_daria/trunk/org.mwc.cmap.TimeController/src/org/mwc/cmap/TimeController/views/TimeController.java:1771:32: Redundant throws: 'IllegalArgumentException' is unchecked exception.
/home/dashaa/ODeskJobs/PlanteMayoLtd/debrief_daria/trunk/org.mwc.cmap.TimeController/src/org/mwc/cmap/TimeController/views/TimeController.java:2598:67: Unable to get class information for PartInitException.
/home/dashaa/ODeskJobs/PlanteMayoLtd/debrief_daria/trunk/org.mwc.cmap.core/src/org/mwc/cmap/core/CorePlugin.java:858:94: Unable to get class information for CoreException.
/home/dashaa/ODeskJobs/PlanteMayoLtd/debrief_daria/trunk/org.mwc.cmap.core/src/org/mwc/cmap/core/editor_views/PolygonEditorView.java:531:40: Unable to get class information for ExecutionException.
/home/dashaa/ODeskJobs/PlanteMayoLtd/debrief_daria/trunk/org.mwc.cmap.core/src/org/mwc/cmap/core/editor_views/PolygonEditorView.java:540:40: Unable to get class information for ExecutionException.
/home/dashaa/ODeskJobs/PlanteMayoLtd/debrief_daria/trunk/org.mwc.cmap.core/src/org/mwc/cmap/core/editor_views/PolygonEditorView.java:557:40: Unable to get class information for ExecutionException.
/home/dashaa/ODeskJobs/PlanteMayoLtd/debrief_daria/trunk/org.mwc.cmap.core/src/org/mwc/cmap/core/editor_views/PolygonEditorView.java:566:40: Unable to get class information for ExecutionException.
/home/dashaa/ODeskJobs/PlanteMayoLtd/debrief_daria/trunk/org.mwc.cmap.core/src/org/mwc/cmap/core/editor_views/PolygonEditorView.java:583:40: Unable to get class information for ExecutionException.
/home/dashaa/ODeskJobs/PlanteMayoLtd/debrief_daria/trunk/org.mwc.cmap.core/src/org/mwc/cmap/core/editor_views/PolygonEditorView.java:592:40: Unable to get class information for ExecutionException.
/home/dashaa/ODeskJobs/PlanteMayoLtd/debrief_daria/trunk/org.mwc.cmap.core/src/org/mwc/cmap/core/editor_views/PolygonEditorView.java:612:40: Unable to get class information for ExecutionException.
/home/dashaa/ODeskJobs/PlanteMayoLtd/debrief_daria/trunk/org.mwc.cmap.core/src/org/mwc/cmap/core/editor_views/PolygonEditorView.java:625:40: Unable to get class information for ExecutionException.
/home/dashaa/ODeskJobs/PlanteMayoLtd/debrief_daria/trunk/org.mwc.cmap.core/src/org/mwc/cmap/core/editor_views/PolygonEditorView.java:658:40: Unable to get class information for ExecutionException.
/home/dashaa/ODeskJobs/PlanteMayoLtd/debrief_daria/trunk/org.mwc.cmap.core/src/org/mwc/cmap/core/editor_views/PolygonEditorView.java:664:40: Unable to get class information for ExecutionException.
/home/dashaa/ODeskJobs/PlanteMayoLtd/debrief_daria/trunk/org.mwc.cmap.core/src/org/mwc/cmap/core/editor_views/PolygonEditorView.java:667:40: Unable to get class information for ExecutionException.
/home/dashaa/ODeskJobs/PlanteMayoLtd/debrief_daria/trunk/org.mwc.cmap.core/src/org/mwc/cmap/core/operations/CMAPOperation.java:34:79: Unable to get class information for ExecutionException.
/home/dashaa/ODeskJobs/PlanteMayoLtd/debrief_daria/trunk/org.mwc.cmap.core/src/org/mwc/cmap/core/operations/DebriefActionWrapper.java:48:32: Unable to get class information for ExecutionException.
/home/dashaa/ODeskJobs/PlanteMayoLtd/debrief_daria/trunk/org.mwc.cmap.core/src/org/mwc/cmap/core/operations/DebriefActionWrapper.java:60:32: Unable to get class information for ExecutionException.
/home/dashaa/ODeskJobs/PlanteMayoLtd/debrief_daria/trunk/org.mwc.cmap.core/src/org/mwc/cmap/core/operations/DebriefActionWrapper.java:77:32: Unable to get class information for ExecutionException.
/home/dashaa/ODeskJobs/PlanteMayoLtd/debrief_daria/trunk/org.mwc.cmap.core/src/org/mwc/cmap/core/operations/DebriefChartModifiedActionWrapper.java:33:82: Unable to get class information for ExecutionException.
/home/dashaa/ODeskJobs/PlanteMayoLtd/debrief_daria/trunk/org.mwc.cmap.core/src/org/mwc/cmap/core/operations/DebriefChartModifiedActionWrapper.java:40:79: Unable to get class information for ExecutionException.
/home/dashaa/ODeskJobs/PlanteMayoLtd/debrief_daria/trunk/org.mwc.cmap.core/src/org/mwc/cmap/core/operations/DebriefChartModifiedActionWrapper.java:48:79: Unable to get class information for ExecutionException.
/home/dashaa/ODeskJobs/PlanteMayoLtd/debrief_daria/trunk/org.mwc.cmap.core/src/org/mwc/cmap/core/operations/RightClickCutCopyAdaptor.java:298:56: Unable to get class information for ExecutionException.
/home/dashaa/ODeskJobs/PlanteMayoLtd/debrief_daria/trunk/org.mwc.cmap.core/src/org/mwc/cmap/core/operations/RightClickCutCopyAdaptor.java:305:56: Unable to get class information for ExecutionException.
/home/dashaa/ODeskJobs/PlanteMayoLtd/debrief_daria/trunk/org.mwc.cmap.core/src/org/mwc/cmap/core/operations/RightClickCutCopyAdaptor.java:312:56: Unable to get class information for ExecutionException.
/home/dashaa/ODeskJobs/PlanteMayoLtd/debrief_daria/trunk/org.mwc.cmap.core/src/org/mwc/cmap/core/operations/RightClickCutCopyAdaptor.java:470:56: Unable to get class information for ExecutionException.
/home/dashaa/ODeskJobs/PlanteMayoLtd/debrief_daria/trunk/org.mwc.cmap.core/src/org/mwc/cmap/core/operations/RightClickCutCopyAdaptor.java:483:56: Unable to get class information for ExecutionException.
/home/dashaa/ODeskJobs/PlanteMayoLtd/debrief_daria/trunk/org.mwc.cmap.core/src/org/mwc/cmap/core/operations/RightClickCutCopyAdaptor.java:492:56: Unable to get class information for ExecutionException.
/home/dashaa/ODeskJobs/PlanteMayoLtd/debrief_daria/trunk/org.mwc.cmap.core/src/org/mwc/cmap/core/operations/RightClickCutCopyAdaptor.java:986:56: Unable to get class information for ExecutionException.
/home/dashaa/ODeskJobs/PlanteMayoLtd/debrief_daria/trunk/org.mwc.cmap.core/src/org/mwc/cmap/core/operations/RightClickCutCopyAdaptor.java:993:56: Unable to get class information for ExecutionException.
/home/dashaa/ODeskJobs/PlanteMayoLtd/debrief_daria/trunk/org.mwc.cmap.core/src/org/mwc/cmap/core/operations/RightClickCutCopyAdaptor.java:1055:56: Unable to get class information for ExecutionException.
/home/dashaa/ODeskJobs/PlanteMayoLtd/debrief_daria/trunk/org.mwc.cmap.core/src/org/mwc/cmap/core/operations/RightClickPasteAdaptor.java:149:56: Unable to get class information for ExecutionException.
/home/dashaa/ODeskJobs/PlanteMayoLtd/debrief_daria/trunk/org.mwc.cmap.core/src/org/mwc/cmap/core/operations/RightClickPasteAdaptor.java:156:56: Unable to get class information for ExecutionException.
/home/dashaa/ODeskJobs/PlanteMayoLtd/debrief_daria/trunk/org.mwc.cmap.core/src/org/mwc/cmap/core/operations/RightClickPasteAdaptor.java:175:56: Unable to get class information for ExecutionException.
/home/dashaa/ODeskJobs/PlanteMayoLtd/debrief_daria/trunk/org.mwc.cmap.core/src/org/mwc/cmap/core/operations/RightClickPasteAdaptor.java:246:56: Unable to get class information for ExecutionException.
/home/dashaa/ODeskJobs/PlanteMayoLtd/debrief_daria/trunk/org.mwc.cmap.core/src/org/mwc/cmap/core/operations/RightClickPasteAdaptor.java:282:56: Unable to get class information for ExecutionException.
/home/dashaa/ODeskJobs/PlanteMayoLtd/debrief_daria/trunk/org.mwc.cmap.core/src/org/mwc/cmap/core/operations/RightClickPasteAdaptor.java:288:56: Unable to get class information for ExecutionException.
/home/dashaa/ODeskJobs/PlanteMayoLtd/debrief_daria/trunk/org.mwc.cmap.core/src/org/mwc/cmap/core/property_support/DebriefNonBeanProperty.java:241:49: String literal expressions should be on the left side of an equals comparison.
/home/dashaa/ODeskJobs/PlanteMayoLtd/debrief_daria/trunk/org.mwc.cmap.core/src/org/mwc/cmap/core/property_support/DebriefNonBeanProperty.java:243:49: String literal expressions should be on the left side of an equals comparison.
/home/dashaa/ODeskJobs/PlanteMayoLtd/debrief_daria/trunk/org.mwc.cmap.core/src/org/mwc/cmap/core/property_support/DebriefNonBeanProperty.java:245:49: String literal expressions should be on the left side of an equals comparison.
/home/dashaa/ODeskJobs/PlanteMayoLtd/debrief_daria/trunk/org.mwc.cmap.core/src/org/mwc/cmap/core/property_support/DebriefProperty.java:298:49: String literal expressions should be on the left side of an equals comparison.
/home/dashaa/ODeskJobs/PlanteMayoLtd/debrief_daria/trunk/org.mwc.cmap.core/src/org/mwc/cmap/core/property_support/DebriefProperty.java:300:49: String literal expressions should be on the left side of an equals comparison.
/home/dashaa/ODeskJobs/PlanteMayoLtd/debrief_daria/trunk/org.mwc.cmap.core/src/org/mwc/cmap/core/property_support/DebriefProperty.java:302:49: String literal expressions should be on the left side of an equals comparison.
/home/dashaa/ODeskJobs/PlanteMayoLtd/debrief_daria/trunk/org.mwc.cmap.core/src/org/mwc/cmap/core/property_support/EditableWrapper.java:580:40: Unable to get class information for ExecutionException.
/home/dashaa/ODeskJobs/PlanteMayoLtd/debrief_daria/trunk/org.mwc.cmap.core/src/org/mwc/cmap/core/property_support/EditableWrapper.java:623:40: Unable to get class information for ExecutionException.
/home/dashaa/ODeskJobs/PlanteMayoLtd/debrief_daria/trunk/org.mwc.cmap.core/src/org/mwc/cmap/core/property_support/EditableWrapper.java:629:40: Unable to get class information for ExecutionException.
/home/dashaa/ODeskJobs/PlanteMayoLtd/debrief_daria/trunk/org.mwc.cmap.core/src/org/mwc/cmap/core/property_support/FontHelper.java:154:48: String literal expressions should be on the left side of an equals comparison.
/home/dashaa/ODeskJobs/PlanteMayoLtd/debrief_daria/trunk/org.mwc.cmap.core/src/org/mwc/cmap/core/property_support/LatLongHelper.java:304:51: String literal expressions should be on the left side of an equals comparison.
/home/dashaa/ODeskJobs/PlanteMayoLtd/debrief_daria/trunk/org.mwc.cmap.core/src/org/mwc/cmap/core/property_support/LatLongHelper.java:317:52: String literal expressions should be on the left side of an equals comparison.
/home/dashaa/ODeskJobs/PlanteMayoLtd/debrief_daria/trunk/org.mwc.cmap.core/src/org/mwc/cmap/core/property_support/RightClickSupport.java:608:64: String literal expressions should be on the left side of an equals comparison.
/home/dashaa/ODeskJobs/PlanteMayoLtd/debrief_daria/trunk/org.mwc.cmap.core/src/org/mwc/cmap/core/property_support/RightClickSupport.java:997:40: Unable to get class information for ExecutionException.
/home/dashaa/ODeskJobs/PlanteMayoLtd/debrief_daria/trunk/org.mwc.cmap.core/src/org/mwc/cmap/core/property_support/RightClickSupport.java:1003:40: Unable to get class information for ExecutionException.
/home/dashaa/ODeskJobs/PlanteMayoLtd/debrief_daria/trunk/org.mwc.cmap.core/src/org/mwc/cmap/core/property_support/RightClickSupport.java:1009:40: Unable to get class information for ExecutionException.
/home/dashaa/ODeskJobs/PlanteMayoLtd/debrief_daria/trunk/org.mwc.cmap.core/src/org/mwc/cmap/core/property_support/RightClickSupport.java:1064:40: Unable to get class information for ExecutionException.
/home/dashaa/ODeskJobs/PlanteMayoLtd/debrief_daria/trunk/org.mwc.cmap.core/src/org/mwc/cmap/core/property_support/RightClickSupport.java:1089:40: Unable to get class information for ExecutionException.
/home/dashaa/ODeskJobs/PlanteMayoLtd/debrief_daria/trunk/org.mwc.cmap.core/src/org/mwc/cmap/core/property_support/RightClickSupport.java:1114:40: Unable to get class information for ExecutionException.
/home/dashaa/ODeskJobs/PlanteMayoLtd/debrief_daria/trunk/org.mwc.cmap.core/src/org/mwc/cmap/core/property_support/lengtheditor/views/TestViewPart.java:39:49: Unable to get class information for PartInitException.
/home/dashaa/ODeskJobs/PlanteMayoLtd/debrief_daria/trunk/org.mwc.cmap.core/src/org/mwc/cmap/core/ui_support/DragDropSupport.java:356:51: String literal expressions should be on the left side of an equals comparison.
/home/dashaa/ODeskJobs/PlanteMayoLtd/debrief_daria/trunk/org.mwc.cmap.core/src/org/mwc/cmap/core/wizards/DirectorySelectorWizardPage.java:77:52: String literal expressions should be on the left side of an equals comparison.
/home/dashaa/ODeskJobs/PlanteMayoLtd/debrief_daria/trunk/org.mwc.cmap.core/src/org/mwc/cmap/core/wizards/NewPlotFilenameWizardPage.java:147:49: String literal expressions should be on the left side of an equalsIgnoreCase comparison.
/home/dashaa/ODeskJobs/PlanteMayoLtd/debrief_daria/trunk/org.mwc.cmap.core/src/org/mwc/cmap/gridharness/data/base60/SexagesimalFormat.java:49:33: switch without "default" clause.
/home/dashaa/ODeskJobs/PlanteMayoLtd/debrief_daria/trunk/org.mwc.cmap.core/src/org/mwc/cmap/gridharness/data/base60/SexagesimalFormat.java:56:33: switch without "default" clause.
/home/dashaa/ODeskJobs/PlanteMayoLtd/debrief_daria/trunk/org.mwc.cmap.grideditor/src/org/mwc/cmap/grideditor/GridEditorView.java:193:49: Unable to get class information for PartInitException.
/home/dashaa/ODeskJobs/PlanteMayoLtd/debrief_daria/trunk/org.mwc.cmap.grideditor/src/org/mwc/cmap/grideditor/command/AbstractGridEditorOperation.java:18:105: Unable to get class information for ExecutionException.
/home/dashaa/ODeskJobs/PlanteMayoLtd/debrief_daria/trunk/org.mwc.cmap.grideditor/src/org/mwc/cmap/grideditor/command/AbstractGridEditorOperation.java:20:90: Unable to get class information for ExecutionException.
/home/dashaa/ODeskJobs/PlanteMayoLtd/debrief_daria/trunk/org.mwc.cmap.grideditor/src/org/mwc/cmap/grideditor/command/AbstractGridEditorOperation.java:22:82: Unable to get class information for ExecutionException.
/home/dashaa/ODeskJobs/PlanteMayoLtd/debrief_daria/trunk/org.mwc.cmap.grideditor/src/org/mwc/cmap/grideditor/command/AbstractGridEditorOperation.java:31:88: Unable to get class information for ExecutionException.
/home/dashaa/ODeskJobs/PlanteMayoLtd/debrief_daria/trunk/org.mwc.cmap.grideditor/src/org/mwc/cmap/grideditor/command/AbstractGridEditorOperation.java:43:79: Unable to get class information for ExecutionException.
/home/dashaa/ODeskJobs/PlanteMayoLtd/debrief_daria/trunk/org.mwc.cmap.grideditor/src/org/mwc/cmap/grideditor/command/AbstractGridEditorOperation.java:58:79: Unable to get class information for ExecutionException.
/home/dashaa/ODeskJobs/PlanteMayoLtd/debrief_daria/trunk/org.mwc.cmap.grideditor/src/org/mwc/cmap/grideditor/command/CompositeOperation.java:80:82: Unable to get class information for ExecutionException.
/home/dashaa/ODeskJobs/PlanteMayoLtd/debrief_daria/trunk/org.mwc.cmap.grideditor/src/org/mwc/cmap/grideditor/command/CompositeOperation.java:85:79: Unable to get class information for ExecutionException.
/home/dashaa/ODeskJobs/PlanteMayoLtd/debrief_daria/trunk/org.mwc.cmap.grideditor/src/org/mwc/cmap/grideditor/command/CompositeOperation.java:90:79: Unable to get class information for ExecutionException.
/home/dashaa/ODeskJobs/PlanteMayoLtd/debrief_daria/trunk/org.mwc.cmap.grideditor/src/org/mwc/cmap/grideditor/command/CompositeOperation.java:177:110: Unable to get class information for ExecutionException.
/home/dashaa/ODeskJobs/PlanteMayoLtd/debrief_daria/trunk/org.mwc.cmap.grideditor/src/org/mwc/cmap/grideditor/command/DeleteItemOperation.java:27:96: Unable to get class information for ExecutionException.
/home/dashaa/ODeskJobs/PlanteMayoLtd/debrief_daria/trunk/org.mwc.cmap.grideditor/src/org/mwc/cmap/grideditor/command/DeleteItemOperation.java:35:81: Unable to get class information for ExecutionException.
/home/dashaa/ODeskJobs/PlanteMayoLtd/debrief_daria/trunk/org.mwc.cmap.grideditor/src/org/mwc/cmap/grideditor/command/EnvironmentState.java:60:107: Unable to get class information for ExecutionException.
/home/dashaa/ODeskJobs/PlanteMayoLtd/debrief_daria/trunk/org.mwc.cmap.grideditor/src/org/mwc/cmap/grideditor/command/InsertItemOperation.java:32:96: Unable to get class information for ExecutionException.
/home/dashaa/ODeskJobs/PlanteMayoLtd/debrief_daria/trunk/org.mwc.cmap.grideditor/src/org/mwc/cmap/grideditor/command/InsertItemOperation.java:40:81: Unable to get class information for ExecutionException.
/home/dashaa/ODeskJobs/PlanteMayoLtd/debrief_daria/trunk/org.mwc.cmap.grideditor/src/org/mwc/cmap/grideditor/command/SetDescriptorValueOperation.java:45:96: Unable to get class information for ExecutionException.
/home/dashaa/ODeskJobs/PlanteMayoLtd/debrief_daria/trunk/org.mwc.cmap.grideditor/src/org/mwc/cmap/grideditor/command/SetDescriptorValueOperation.java:66:81: Unable to get class information for ExecutionException.
/home/dashaa/ODeskJobs/PlanteMayoLtd/debrief_daria/trunk/org.mwc.cmap.grideditor/src/org/mwc/cmap/grideditor/command/SetTimeStampOperation.java:35:96: Unable to get class information for ExecutionException.
/home/dashaa/ODeskJobs/PlanteMayoLtd/debrief_daria/trunk/org.mwc.cmap.grideditor/src/org/mwc/cmap/grideditor/command/SetTimeStampOperation.java:46:81: Unable to get class information for ExecutionException.
/home/dashaa/ODeskJobs/PlanteMayoLtd/debrief_daria/trunk/org.mwc.cmap.gt2Plot/src/org/mwc/cmap/gt2plot/data/ProjSidecarGenerator.java:32:38: Unable to get class information for FactoryException.
/home/dashaa/ODeskJobs/PlanteMayoLtd/debrief_daria/trunk/org.mwc.cmap.gt2Plot/src/org/mwc/cmap/gt2plot/data/ProjSidecarGenerator.java:91:70: Unable to get class information for FactoryException.
/home/dashaa/ODeskJobs/PlanteMayoLtd/debrief_daria/trunk/org.mwc.cmap.gt2Plot/src/org/mwc/cmap/gt2plot/data/WorldImageLayer.java:178:68: String literal expressions should be on the left side of an equals comparison.
/home/dashaa/ODeskJobs/PlanteMayoLtd/debrief_daria/trunk/org.mwc.cmap.gt2Plot/src/org/mwc/cmap/gt2plot/data/WorldImageLayer.java:182:73: String literal expressions should be on the left side of an equals comparison.
/home/dashaa/ODeskJobs/PlanteMayoLtd/debrief_daria/trunk/org.mwc.cmap.gt2Plot/src/org/mwc/cmap/gt2plot/proj/GtProjection.java:469:46: Unable to get class information for NoSuchAuthorityCodeException.
/home/dashaa/ODeskJobs/PlanteMayoLtd/debrief_daria/trunk/org.mwc.cmap.gt2Plot/src/org/mwc/cmap/gt2plot/proj/GtProjection.java:470:33: Redundant throws: 'FactoryException' listed more then one time.
/home/dashaa/ODeskJobs/PlanteMayoLtd/debrief_daria/trunk/org.mwc.cmap.gt2Plot/src/org/mwc/cmap/gt2plot/proj/GtProjection.java:470:33: Unable to get class information for FactoryException.
/home/dashaa/ODeskJobs/PlanteMayoLtd/debrief_daria/trunk/org.mwc.cmap.gt2Plot/src/org/mwc/cmap/gt2plot/proj/GtProjection.java:513:46: Unable to get class information for NoSuchAuthorityCodeException.
/home/dashaa/ODeskJobs/PlanteMayoLtd/debrief_daria/trunk/org.mwc.cmap.gt2Plot/src/org/mwc/cmap/gt2plot/proj/GtProjection.java:514:33: Redundant throws: 'FactoryException' listed more then one time.
/home/dashaa/ODeskJobs/PlanteMayoLtd/debrief_daria/trunk/org.mwc.cmap.gt2Plot/src/org/mwc/cmap/gt2plot/proj/GtProjection.java:514:33: Unable to get class information for FactoryException.
/home/dashaa/ODeskJobs/PlanteMayoLtd/debrief_daria/trunk/org.mwc.cmap.layer_manager/src/org/mwc/cmap/layer_manager/views/LayerManagerView.java:233:40: Unable to get class information for ExecutionException.
/home/dashaa/ODeskJobs/PlanteMayoLtd/debrief_daria/trunk/org.mwc.cmap.layer_manager/src/org/mwc/cmap/layer_manager/views/LayerManagerView.java:248:40: Unable to get class information for ExecutionException.
/home/dashaa/ODeskJobs/PlanteMayoLtd/debrief_daria/trunk/org.mwc.cmap.layer_manager/src/org/mwc/cmap/layer_manager/views/LayerManagerView.java:259:40: Unable to get class information for ExecutionException.
/home/dashaa/ODeskJobs/PlanteMayoLtd/debrief_daria/trunk/org.mwc.cmap.legacy/src/MWC/GUI/AWT/GridLayout2.java:154:13: Control variable 'y' is modified.
/home/dashaa/ODeskJobs/PlanteMayoLtd/debrief_daria/trunk/org.mwc.cmap.legacy/src/MWC/GUI/AWT/GridLayout2.java:156:11: Control variable 'x' is modified.
/home/dashaa/ODeskJobs/PlanteMayoLtd/debrief_daria/trunk/org.mwc.cmap.legacy/src/MWC/GUI/Canvas/MetafileCanvasGraphics2d.java:566:25: switch without "default" clause.
/home/dashaa/ODeskJobs/PlanteMayoLtd/debrief_daria/trunk/org.mwc.cmap.legacy/src/MWC/GUI/Canvas/MetafileCanvasGraphics2d.java:2150:59: String literal expressions should be on the left side of an equals comparison.
/home/dashaa/ODeskJobs/PlanteMayoLtd/debrief_daria/trunk/org.mwc.cmap.legacy/src/MWC/GUI/Chart/Painters/CoastPainter.java:264:50: String literal expressions should be on the left side of an equals comparison.
/home/dashaa/ODeskJobs/PlanteMayoLtd/debrief_daria/trunk/org.mwc.cmap.legacy/src/MWC/GUI/Dialogs/AWT/Orientation.java:20:20: String literal expressions should be on the left side of an equals comparison.
/home/dashaa/ODeskJobs/PlanteMayoLtd/debrief_daria/trunk/org.mwc.cmap.legacy/src/MWC/GUI/Dialogs/AWT/Orientation.java:20:41: String literal expressions should be on the left side of an equals comparison.
/home/dashaa/ODeskJobs/PlanteMayoLtd/debrief_daria/trunk/org.mwc.cmap.legacy/src/MWC/GUI/Dialogs/AWT/Orientation.java:21:25: String literal expressions should be on the left side of an equals comparison.
/home/dashaa/ODeskJobs/PlanteMayoLtd/debrief_daria/trunk/org.mwc.cmap.legacy/src/MWC/GUI/Dialogs/AWT/Orientation.java:21:46: String literal expressions should be on the left side of an equals comparison.
/home/dashaa/ODeskJobs/PlanteMayoLtd/debrief_daria/trunk/org.mwc.cmap.legacy/src/MWC/GUI/Dialogs/AWT/Orientation.java:23:25: String literal expressions should be on the left side of an equals comparison.
/home/dashaa/ODeskJobs/PlanteMayoLtd/debrief_daria/trunk/org.mwc.cmap.legacy/src/MWC/GUI/Dialogs/AWT/Orientation.java:23:46: String literal expressions should be on the left side of an equals comparison.
/home/dashaa/ODeskJobs/PlanteMayoLtd/debrief_daria/trunk/org.mwc.cmap.legacy/src/MWC/GUI/Dialogs/AWT/Orientation.java:25:25: String literal expressions should be on the left side of an equals comparison.
/home/dashaa/ODeskJobs/PlanteMayoLtd/debrief_daria/trunk/org.mwc.cmap.legacy/src/MWC/GUI/Dialogs/AWT/Orientation.java:25:46: String literal expressions should be on the left side of an equals comparison.
/home/dashaa/ODeskJobs/PlanteMayoLtd/debrief_daria/trunk/org.mwc.cmap.legacy/src/MWC/GUI/Dialogs/AWT/Orientation.java:27:25: String literal expressions should be on the left side of an equals comparison.
/home/dashaa/ODeskJobs/PlanteMayoLtd/debrief_daria/trunk/org.mwc.cmap.legacy/src/MWC/GUI/Dialogs/AWT/Orientation.java:27:47: String literal expressions should be on the left side of an equals comparison.
/home/dashaa/ODeskJobs/PlanteMayoLtd/debrief_daria/trunk/org.mwc.cmap.legacy/src/MWC/GUI/Dialogs/AWT/Orientation.java:29:25: String literal expressions should be on the left side of an equals comparison.
/home/dashaa/ODeskJobs/PlanteMayoLtd/debrief_daria/trunk/org.mwc.cmap.legacy/src/MWC/GUI/Dialogs/AWT/Orientation.java:29:46: String literal expressions should be on the left side of an equals comparison.
/home/dashaa/ODeskJobs/PlanteMayoLtd/debrief_daria/trunk/org.mwc.cmap.legacy/src/MWC/GUI/Dialogs/AWT/Orientation.java:31:25: String literal expressions should be on the left side of an equals comparison.
/home/dashaa/ODeskJobs/PlanteMayoLtd/debrief_daria/trunk/org.mwc.cmap.legacy/src/MWC/GUI/Dialogs/AWT/Orientation.java:31:46: String literal expressions should be on the left side of an equals comparison.
/home/dashaa/ODeskJobs/PlanteMayoLtd/debrief_daria/trunk/org.mwc.cmap.legacy/src/MWC/GUI/Dialogs/AWT/Orientation.java:33:25: String literal expressions should be on the left side of an equals comparison.
/home/dashaa/ODeskJobs/PlanteMayoLtd/debrief_daria/trunk/org.mwc.cmap.legacy/src/MWC/GUI/Dialogs/AWT/Orientation.java:33:47: String literal expressions should be on the left side of an equals comparison.
/home/dashaa/ODeskJobs/PlanteMayoLtd/debrief_daria/trunk/org.mwc.cmap.legacy/src/MWC/GUI/Dialogs/AWT/Orientation.java:35:25: String literal expressions should be on the left side of an equals comparison.
/home/dashaa/ODeskJobs/PlanteMayoLtd/debrief_daria/trunk/org.mwc.cmap.legacy/src/MWC/GUI/Dialogs/AWT/Orientation.java:35:47: String literal expressions should be on the left side of an equals comparison.
/home/dashaa/ODeskJobs/PlanteMayoLtd/debrief_daria/trunk/org.mwc.cmap.legacy/src/MWC/GUI/Dialogs/AWT/Orientation.java:37:25: String literal expressions should be on the left side of an equals comparison.
/home/dashaa/ODeskJobs/PlanteMayoLtd/debrief_daria/trunk/org.mwc.cmap.legacy/src/MWC/GUI/Dialogs/AWT/Orientation.java:37:49: String literal expressions should be on the left side of an equals comparison.
/home/dashaa/ODeskJobs/PlanteMayoLtd/debrief_daria/trunk/org.mwc.cmap.legacy/src/MWC/GUI/Dialogs/AWT/Orientation.java:39:25: String literal expressions should be on the left side of an equals comparison.
/home/dashaa/ODeskJobs/PlanteMayoLtd/debrief_daria/trunk/org.mwc.cmap.legacy/src/MWC/GUI/Dialogs/AWT/Orientation.java:40:25: String literal expressions should be on the left side of an equals comparison.
/home/dashaa/ODeskJobs/PlanteMayoLtd/debrief_daria/trunk/org.mwc.cmap.legacy/src/MWC/GUI/Dialogs/Swing/EFileChooser.java:143:51: String literal expressions should be on the left side of an equals comparison.
/home/dashaa/ODeskJobs/PlanteMayoLtd/debrief_daria/trunk/org.mwc.cmap.legacy/src/MWC/GUI/Dialogs/Swing/EFileChooser.java:284:50: String literal expressions should be on the left side of an equals comparison.
/home/dashaa/ODeskJobs/PlanteMayoLtd/debrief_daria/trunk/org.mwc.cmap.legacy/src/MWC/GUI/Dialogs/Swing/EFileChooser.java:371:65: String literal expressions should be on the left side of an equals comparison.
/home/dashaa/ODeskJobs/PlanteMayoLtd/debrief_daria/trunk/org.mwc.cmap.legacy/src/MWC/GUI/Dialogs/Swing/EFileChooser.java:438:42: String literal expressions should be on the left side of an equals comparison.
/home/dashaa/ODeskJobs/PlanteMayoLtd/debrief_daria/trunk/org.mwc.cmap.legacy/src/MWC/GUI/Dialogs/Swing/EFileChooser.java:494:63: String literal expressions should be on the left side of an equals comparison.
/home/dashaa/ODeskJobs/PlanteMayoLtd/debrief_daria/trunk/org.mwc.cmap.legacy/src/MWC/GUI/ETOPO/ElevationGridGenerator.java:305:16: Unable to get class information for UnsupportedTypeException.
/home/dashaa/ODeskJobs/PlanteMayoLtd/debrief_daria/trunk/org.mwc.cmap.legacy/src/MWC/GUI/ETOPO/ElevationGridGenerator.java:327:13: Fall through from previous branch of the switch statement.
/home/dashaa/ODeskJobs/PlanteMayoLtd/debrief_daria/trunk/org.mwc.cmap.legacy/src/MWC/GUI/ETOPO/ElevationGridGenerator.java:355:16: Unable to get class information for UnsupportedTypeException.
/home/dashaa/ODeskJobs/PlanteMayoLtd/debrief_daria/trunk/org.mwc.cmap.legacy/src/MWC/GUI/ETOPO/ElevationGridGenerator.java:355:42: Redundant throws: 'InvalidArraySizeException' listed more then one time.
/home/dashaa/ODeskJobs/PlanteMayoLtd/debrief_daria/trunk/org.mwc.cmap.legacy/src/MWC/GUI/ETOPO/ElevationGridGenerator.java:355:42: Unable to get class information for InvalidArraySizeException.
/home/dashaa/ODeskJobs/PlanteMayoLtd/debrief_daria/trunk/org.mwc.cmap.legacy/src/MWC/GUI/ETOPO/ElevationGridGenerator.java:398:16: Unable to get class information for InvalidArraySizeException.
/home/dashaa/ODeskJobs/PlanteMayoLtd/debrief_daria/trunk/org.mwc.cmap.legacy/src/MWC/GUI/ETOPO/ElevationGridGenerator.java:420:16: Unable to get class information for InvalidArraySizeException.
/home/dashaa/ODeskJobs/PlanteMayoLtd/debrief_daria/trunk/org.mwc.cmap.legacy/src/MWC/GUI/ETOPO/ElevationGridGenerator.java:442:16: Unable to get class information for InvalidArraySizeException.
/home/dashaa/ODeskJobs/PlanteMayoLtd/debrief_daria/trunk/org.mwc.cmap.legacy/src/MWC/GUI/ETOPO/ElevationGridGenerator.java:492:16: Unable to get class information for InvalidArraySizeException.
/home/dashaa/ODeskJobs/PlanteMayoLtd/debrief_daria/trunk/org.mwc.cmap.legacy/src/MWC/GUI/ETOPO/ElevationGridGenerator.java:548:16: Unable to get class information for InvalidArraySizeException.
/home/dashaa/ODeskJobs/PlanteMayoLtd/debrief_daria/trunk/org.mwc.cmap.legacy/src/MWC/GUI/ETOPO/ElevationGridGenerator.java:582:16: Unable to get class information for InvalidArraySizeException.
/home/dashaa/ODeskJobs/PlanteMayoLtd/debrief_daria/trunk/org.mwc.cmap.legacy/src/MWC/GUI/ETOPO/ElevationGridGenerator.java:621:16: Unable to get class information for InvalidArraySizeException.
/home/dashaa/ODeskJobs/PlanteMayoLtd/debrief_daria/trunk/org.mwc.cmap.legacy/src/MWC/GUI/ETOPO/ElevationGridGenerator.java:683:16: Unable to get class information for InvalidArraySizeException.
/home/dashaa/ODeskJobs/PlanteMayoLtd/debrief_daria/trunk/org.mwc.cmap.legacy/src/MWC/GUI/ETOPO/ElevationGridGenerator.java:750:16: Unable to get class information for InvalidArraySizeException.
/home/dashaa/ODeskJobs/PlanteMayoLtd/debrief_daria/trunk/org.mwc.cmap.legacy/src/MWC/GUI/ETOPO/ElevationGridGenerator.java:819:16: Unable to get class information for InvalidArraySizeException.
/home/dashaa/ODeskJobs/PlanteMayoLtd/debrief_daria/trunk/org.mwc.cmap.legacy/src/MWC/GUI/ETOPO/ElevationGridGenerator.java:869:16: Unable to get class information for InvalidArraySizeException.
/home/dashaa/ODeskJobs/PlanteMayoLtd/debrief_daria/trunk/org.mwc.cmap.legacy/src/MWC/GUI/ETOPO/ElevationGridGenerator.java:928:16: Unable to get class information for InvalidArraySizeException.
/home/dashaa/ODeskJobs/PlanteMayoLtd/debrief_daria/trunk/org.mwc.cmap.legacy/src/MWC/GUI/ETOPO/ElevationGridGenerator.java:1004:16: Unable to get class information for InvalidArraySizeException.
/home/dashaa/ODeskJobs/PlanteMayoLtd/debrief_daria/trunk/org.mwc.cmap.legacy/src/MWC/GUI/ETOPO/ElevationGridGenerator.java:1041:16: Unable to get class information for InvalidArraySizeException.
/home/dashaa/ODeskJobs/PlanteMayoLtd/debrief_daria/trunk/org.mwc.cmap.legacy/src/MWC/GUI/ETOPO/ElevationGridGenerator.java:1109:16: Unable to get class information for InvalidArraySizeException.
/home/dashaa/ODeskJobs/PlanteMayoLtd/debrief_daria/trunk/org.mwc.cmap.legacy/src/MWC/GUI/ETOPO/ElevationGridGenerator.java:1157:16: Unable to get class information for InvalidArraySizeException.
/home/dashaa/ODeskJobs/PlanteMayoLtd/debrief_daria/trunk/org.mwc.cmap.legacy/src/MWC/GUI/ETOPO/ElevationGridGenerator.java:1215:16: Unable to get class information for InvalidArraySizeException.
/home/dashaa/ODeskJobs/PlanteMayoLtd/debrief_daria/trunk/org.mwc.cmap.legacy/src/MWC/GUI/ETOPO/ElevationGridGenerator.java:1287:16: Unable to get class information for InvalidArraySizeException.
/home/dashaa/ODeskJobs/PlanteMayoLtd/debrief_daria/trunk/org.mwc.cmap.legacy/src/MWC/GUI/ETOPO/ElevationGridGenerator.java:1315:16: Unable to get class information for InvalidArraySizeException.
/home/dashaa/ODeskJobs/PlanteMayoLtd/debrief_daria/trunk/org.mwc.cmap.legacy/src/MWC/GUI/ETOPO/ElevationGridGenerator.java:1359:16: Unable to get class information for InvalidArraySizeException.
/home/dashaa/ODeskJobs/PlanteMayoLtd/debrief_daria/trunk/org.mwc.cmap.legacy/src/MWC/GUI/ETOPO/ElevationGridGenerator.java:1410:16: Unable to get class information for InvalidArraySizeException.
/home/dashaa/ODeskJobs/PlanteMayoLtd/debrief_daria/trunk/org.mwc.cmap.legacy/src/MWC/GUI/ETOPO/ElevationGridGenerator.java:1437:16: Unable to get class information for InvalidArraySizeException.
/home/dashaa/ODeskJobs/PlanteMayoLtd/debrief_daria/trunk/org.mwc.cmap.legacy/src/MWC/GUI/ETOPO/GeometryGenerator.java:77:16: Unable to get class information for UnsupportedTypeException.
/home/dashaa/ODeskJobs/PlanteMayoLtd/debrief_daria/trunk/org.mwc.cmap.legacy/src/MWC/GUI/ETOPO/GeometryGenerator.java:92:16: Unable to get class information for UnsupportedTypeException.
/home/dashaa/ODeskJobs/PlanteMayoLtd/debrief_daria/trunk/org.mwc.cmap.legacy/src/MWC/GUI/ETOPO/GeometryGenerator.java:92:42: Redundant throws: 'InvalidArraySizeException' listed more then one time.
/home/dashaa/ODeskJobs/PlanteMayoLtd/debrief_daria/trunk/org.mwc.cmap.legacy/src/MWC/GUI/ETOPO/GeometryGenerator.java:92:42: Unable to get class information for InvalidArraySizeException.
/home/dashaa/ODeskJobs/PlanteMayoLtd/debrief_daria/trunk/org.mwc.cmap.legacy/src/MWC/GUI/ETOPO/MWCETOPOLayer.java:1002:41: switch without "default" clause.
/home/dashaa/ODeskJobs/PlanteMayoLtd/debrief_daria/trunk/org.mwc.cmap.legacy/src/MWC/GUI/ETOPO/MWCETOPOLayer.java:1035:41: switch without "default" clause.
/home/dashaa/ODeskJobs/PlanteMayoLtd/debrief_daria/trunk/org.mwc.cmap.legacy/src/MWC/GUI/LayerManager/Swing/DefaultTreeCellRenderer2.java:444:25: Literal Strings should be compared using equals(), not '=='.
/home/dashaa/ODeskJobs/PlanteMayoLtd/debrief_daria/trunk/org.mwc.cmap.legacy/src/MWC/GUI/Properties/DiagonalLocationPropertyEditor.java:91:18: String literal expressions should be on the left side of an equals comparison.
/home/dashaa/ODeskJobs/PlanteMayoLtd/debrief_daria/trunk/org.mwc.cmap.legacy/src/MWC/GUI/Properties/DiagonalLocationPropertyEditor.java:91:42: String literal expressions should be on the left side of an equals comparison.
/home/dashaa/ODeskJobs/PlanteMayoLtd/debrief_daria/trunk/org.mwc.cmap.legacy/src/MWC/GUI/Properties/DiagonalLocationPropertyEditor.java:93:18: String literal expressions should be on the left side of an equals comparison.
/home/dashaa/ODeskJobs/PlanteMayoLtd/debrief_daria/trunk/org.mwc.cmap.legacy/src/MWC/GUI/Properties/DiagonalLocationPropertyEditor.java:93:45: String literal expressions should be on the left side of an equals comparison.
/home/dashaa/ODeskJobs/PlanteMayoLtd/debrief_daria/trunk/org.mwc.cmap.legacy/src/MWC/GUI/Properties/DiagonalLocationPropertyEditor.java:95:18: String literal expressions should be on the left side of an equals comparison.
/home/dashaa/ODeskJobs/PlanteMayoLtd/debrief_daria/trunk/org.mwc.cmap.legacy/src/MWC/GUI/Properties/DiagonalLocationPropertyEditor.java:95:43: String literal expressions should be on the left side of an equals comparison.
/home/dashaa/ODeskJobs/PlanteMayoLtd/debrief_daria/trunk/org.mwc.cmap.legacy/src/MWC/GUI/Properties/DiagonalLocationPropertyEditor.java:97:18: String literal expressions should be on the left side of an equals comparison.
/home/dashaa/ODeskJobs/PlanteMayoLtd/debrief_daria/trunk/org.mwc.cmap.legacy/src/MWC/GUI/Properties/DiagonalLocationPropertyEditor.java:97:46: String literal expressions should be on the left side of an equals comparison.
/home/dashaa/ODeskJobs/PlanteMayoLtd/debrief_daria/trunk/org.mwc.cmap.legacy/src/MWC/GUI/Properties/DiagonalLocationPropertyEditor.java:104:5: switch without "default" clause.
/home/dashaa/ODeskJobs/PlanteMayoLtd/debrief_daria/trunk/org.mwc.cmap.legacy/src/MWC/GUI/Properties/DiagonalLocationPropertyEditor.java:126:5: switch without "default" clause.
/home/dashaa/ODeskJobs/PlanteMayoLtd/debrief_daria/trunk/org.mwc.cmap.legacy/src/MWC/GUI/Properties/LabelLocationPropertyEditor.java:100:18: String literal expressions should be on the left side of an equals comparison.
/home/dashaa/ODeskJobs/PlanteMayoLtd/debrief_daria/trunk/org.mwc.cmap.legacy/src/MWC/GUI/Properties/LabelLocationPropertyEditor.java:102:18: String literal expressions should be on the left side of an equals comparison.
/home/dashaa/ODeskJobs/PlanteMayoLtd/debrief_daria/trunk/org.mwc.cmap.legacy/src/MWC/GUI/Properties/LabelLocationPropertyEditor.java:104:18: String literal expressions should be on the left side of an equals comparison.
/home/dashaa/ODeskJobs/PlanteMayoLtd/debrief_daria/trunk/org.mwc.cmap.legacy/src/MWC/GUI/Properties/LabelLocationPropertyEditor.java:106:18: String literal expressions should be on the left side of an equals comparison.
/home/dashaa/ODeskJobs/PlanteMayoLtd/debrief_daria/trunk/org.mwc.cmap.legacy/src/MWC/GUI/Properties/LabelLocationPropertyEditor.java:108:30: String literal expressions should be on the left side of an equals comparison.
/home/dashaa/ODeskJobs/PlanteMayoLtd/debrief_daria/trunk/org.mwc.cmap.legacy/src/MWC/GUI/Properties/LabelLocationPropertyEditor.java:116:5: switch without "default" clause.
/home/dashaa/ODeskJobs/PlanteMayoLtd/debrief_daria/trunk/org.mwc.cmap.legacy/src/MWC/GUI/Properties/LocationPropertyEditor.java:100:18: String literal expressions should be on the left side of an equals comparison.
/home/dashaa/ODeskJobs/PlanteMayoLtd/debrief_daria/trunk/org.mwc.cmap.legacy/src/MWC/GUI/Properties/LocationPropertyEditor.java:102:18: String literal expressions should be on the left side of an equals comparison.
/home/dashaa/ODeskJobs/PlanteMayoLtd/debrief_daria/trunk/org.mwc.cmap.legacy/src/MWC/GUI/Properties/LocationPropertyEditor.java:104:18: String literal expressions should be on the left side of an equals comparison.
/home/dashaa/ODeskJobs/PlanteMayoLtd/debrief_daria/trunk/org.mwc.cmap.legacy/src/MWC/GUI/Properties/LocationPropertyEditor.java:106:18: String literal expressions should be on the left side of an equals comparison.
/home/dashaa/ODeskJobs/PlanteMayoLtd/debrief_daria/trunk/org.mwc.cmap.legacy/src/MWC/GUI/Properties/LocationPropertyEditor.java:108:30: String literal expressions should be on the left side of an equals comparison.
/home/dashaa/ODeskJobs/PlanteMayoLtd/debrief_daria/trunk/org.mwc.cmap.legacy/src/MWC/GUI/Properties/LocationPropertyEditor.java:116:5: switch without "default" clause.
/home/dashaa/ODeskJobs/PlanteMayoLtd/debrief_daria/trunk/org.mwc.cmap.legacy/src/MWC/GUI/Properties/PlainPropertyEditor.java:1000:22: String literal expressions should be on the left side of an equals comparison.
/home/dashaa/ODeskJobs/PlanteMayoLtd/debrief_daria/trunk/org.mwc.cmap.legacy/src/MWC/GUI/Properties/Swing/SwingBooleanPropertyEditor.java:114:45: Redundant throws: 'IllegalArgumentException' is unchecked exception.
/home/dashaa/ODeskJobs/PlanteMayoLtd/debrief_daria/trunk/org.mwc.cmap.legacy/src/MWC/GUI/Properties/Swing/SwingBooleanPropertyEditor.java:116:19: String literal expressions should be on the left side of an equals comparison.
/home/dashaa/ODeskJobs/PlanteMayoLtd/debrief_daria/trunk/org.mwc.cmap.legacy/src/MWC/GUI/Properties/Swing/SwingPropertiesPanel.java:409:37: String literal expressions should be on the left side of an equals comparison.
/home/dashaa/ODeskJobs/PlanteMayoLtd/debrief_daria/trunk/org.mwc.cmap.legacy/src/MWC/GUI/RubberBanding/RubberbandTest.java:44:9: switch without "default" clause.
/home/dashaa/ODeskJobs/PlanteMayoLtd/debrief_daria/trunk/org.mwc.cmap.legacy/src/MWC/GUI/S57/DDFSubfieldDefinition.java:482:46: String literal expressions should be on the left side of an equals comparison.
/home/dashaa/ODeskJobs/PlanteMayoLtd/debrief_daria/trunk/org.mwc.cmap.legacy/src/MWC/GUI/S57/DDFSubfieldDefinition.java:537:25: switch without "default" clause.
/home/dashaa/ODeskJobs/PlanteMayoLtd/debrief_daria/trunk/org.mwc.cmap.legacy/src/MWC/GUI/S57/DDFSubfieldDefinition.java:625:46: String literal expressions should be on the left side of an equals comparison.
/home/dashaa/ODeskJobs/PlanteMayoLtd/debrief_daria/trunk/org.mwc.cmap.legacy/src/MWC/GUI/S57/DDFSubfieldDefinition.java:665:25: switch without "default" clause.
/home/dashaa/ODeskJobs/PlanteMayoLtd/debrief_daria/trunk/org.mwc.cmap.legacy/src/MWC/GUI/S57/Output8211.java:213:46: String literal expressions should be on the left side of an equals comparison.
/home/dashaa/ODeskJobs/PlanteMayoLtd/debrief_daria/trunk/org.mwc.cmap.legacy/src/MWC/GUI/S57/S57Database.java:169:17: switch without "default" clause.
/home/dashaa/ODeskJobs/PlanteMayoLtd/debrief_daria/trunk/org.mwc.cmap.legacy/src/MWC/GUI/S57/S57Database.java:744:40: String literal expressions should be on the left side of an equals comparison.
/home/dashaa/ODeskJobs/PlanteMayoLtd/debrief_daria/trunk/org.mwc.cmap.legacy/src/MWC/GUI/S57/S57Database.java:753:40: String literal expressions should be on the left side of an equals comparison.
/home/dashaa/ODeskJobs/PlanteMayoLtd/debrief_daria/trunk/org.mwc.cmap.legacy/src/MWC/GUI/S57/S57Database.java:762:40: String literal expressions should be on the left side of an equals comparison.
/home/dashaa/ODeskJobs/PlanteMayoLtd/debrief_daria/trunk/org.mwc.cmap.legacy/src/MWC/GUI/S57/S57Database.java:769:32: String literal expressions should be on the left side of an equals comparison.
/home/dashaa/ODeskJobs/PlanteMayoLtd/debrief_daria/trunk/org.mwc.cmap.legacy/src/MWC/GUI/S57/S57Database.java:774:37: String literal expressions should be on the left side of an equals comparison.
/home/dashaa/ODeskJobs/PlanteMayoLtd/debrief_daria/trunk/org.mwc.cmap.legacy/src/MWC/GUI/S57/S57Database.java:779:37: String literal expressions should be on the left side of an equals comparison.
/home/dashaa/ODeskJobs/PlanteMayoLtd/debrief_daria/trunk/org.mwc.cmap.legacy/src/MWC/GUI/S57/S57Database.java:784:37: String literal expressions should be on the left side of an equals comparison.
/home/dashaa/ODeskJobs/PlanteMayoLtd/debrief_daria/trunk/org.mwc.cmap.legacy/src/MWC/GUI/S57/S57Database.java:789:37: String literal expressions should be on the left side of an equals comparison.
/home/dashaa/ODeskJobs/PlanteMayoLtd/debrief_daria/trunk/org.mwc.cmap.legacy/src/MWC/GUI/S57/S57Database.java:794:37: String literal expressions should be on the left side of an equals comparison.
/home/dashaa/ODeskJobs/PlanteMayoLtd/debrief_daria/trunk/org.mwc.cmap.legacy/src/MWC/GUI/S57/S57Database.java:799:37: String literal expressions should be on the left side of an equals comparison.
/home/dashaa/ODeskJobs/PlanteMayoLtd/debrief_daria/trunk/org.mwc.cmap.legacy/src/MWC/GUI/S57/S57Database.java:804:37: String literal expressions should be on the left side of an equals comparison.
/home/dashaa/ODeskJobs/PlanteMayoLtd/debrief_daria/trunk/org.mwc.cmap.legacy/src/MWC/GUI/S57/S57Database.java:809:37: String literal expressions should be on the left side of an equals comparison.
/home/dashaa/ODeskJobs/PlanteMayoLtd/debrief_daria/trunk/org.mwc.cmap.legacy/src/MWC/GUI/S57/S57Database.java:814:37: String literal expressions should be on the left side of an equals comparison.
/home/dashaa/ODeskJobs/PlanteMayoLtd/debrief_daria/trunk/org.mwc.cmap.legacy/src/MWC/GUI/S57/S57Database.java:820:32: String literal expressions should be on the left side of an equals comparison.
/home/dashaa/ODeskJobs/PlanteMayoLtd/debrief_daria/trunk/org.mwc.cmap.legacy/src/MWC/GUI/S57/TestENC2.java:170:49: String literal expressions should be on the left side of an equals comparison.
/home/dashaa/ODeskJobs/PlanteMayoLtd/debrief_daria/trunk/org.mwc.cmap.legacy/src/MWC/GUI/S57/TestENC2.java:237:53: String literal expressions should be on the left side of an equals comparison.
/home/dashaa/ODeskJobs/PlanteMayoLtd/debrief_daria/trunk/org.mwc.cmap.legacy/src/MWC/GUI/S57/TestENC2.java:274:46: String literal expressions should be on the left side of an equals comparison.
/home/dashaa/ODeskJobs/PlanteMayoLtd/debrief_daria/trunk/org.mwc.cmap.legacy/src/MWC/GUI/S57/View8211.java:118:49: String literal expressions should be on the left side of an equals comparison.
/home/dashaa/ODeskJobs/PlanteMayoLtd/debrief_daria/trunk/org.mwc.cmap.legacy/src/MWC/GUI/S57/View8211.java:176:54: String literal expressions should be on the left side of an equals comparison.
/home/dashaa/ODeskJobs/PlanteMayoLtd/debrief_daria/trunk/org.mwc.cmap.legacy/src/MWC/GUI/S57/View8211.java:180:54: String literal expressions should be on the left side of an equals comparison.
/home/dashaa/ODeskJobs/PlanteMayoLtd/debrief_daria/trunk/org.mwc.cmap.legacy/src/MWC/GUI/S57/View8211.java:202:54: String literal expressions should be on the left side of an equals comparison.
/home/dashaa/ODeskJobs/PlanteMayoLtd/debrief_daria/trunk/org.mwc.cmap.legacy/src/MWC/GUI/S57/View8211.java:238:46: String literal expressions should be on the left side of an equals comparison.
/home/dashaa/ODeskJobs/PlanteMayoLtd/debrief_daria/trunk/org.mwc.cmap.legacy/src/MWC/GUI/S57/support/BinaryBufferedFile.java:141:53: Redundant throws: 'EOFException' is subclass of 'IOException'.
/home/dashaa/ODeskJobs/PlanteMayoLtd/debrief_daria/trunk/org.mwc.cmap.legacy/src/MWC/GUI/S57/support/BinaryBufferedFile.java:160:51: Unable to get class information for FormatException.
/home/dashaa/ODeskJobs/PlanteMayoLtd/debrief_daria/trunk/org.mwc.cmap.legacy/src/MWC/GUI/S57/support/BinaryBufferedFile.java:331:34: Unable to get class information for FormatException.
/home/dashaa/ODeskJobs/PlanteMayoLtd/debrief_daria/trunk/org.mwc.cmap.legacy/src/MWC/GUI/S57/support/BinaryBufferedFile.java:372:49: Unable to get class information for FormatException.
/home/dashaa/ODeskJobs/PlanteMayoLtd/debrief_daria/trunk/org.mwc.cmap.legacy/src/MWC/GUI/S57/support/BinaryBufferedFile.java:396:51: Unable to get class information for FormatException.
/home/dashaa/ODeskJobs/PlanteMayoLtd/debrief_daria/trunk/org.mwc.cmap.legacy/src/MWC/GUI/S57/support/BinaryBufferedFile.java:416:34: Unable to get class information for FormatException.
/home/dashaa/ODeskJobs/PlanteMayoLtd/debrief_daria/trunk/org.mwc.cmap.legacy/src/MWC/GUI/S57/support/BinaryBufferedFile.java:452:51: Unable to get class information for FormatException.
/home/dashaa/ODeskJobs/PlanteMayoLtd/debrief_daria/trunk/org.mwc.cmap.legacy/src/MWC/GUI/S57/support/BinaryBufferedFile.java:469:34: Unable to get class information for FormatException.
/home/dashaa/ODeskJobs/PlanteMayoLtd/debrief_daria/trunk/org.mwc.cmap.legacy/src/MWC/GUI/S57/support/BinaryBufferedFile.java:506:34: Unable to get class information for FormatException.
/home/dashaa/ODeskJobs/PlanteMayoLtd/debrief_daria/trunk/org.mwc.cmap.legacy/src/MWC/GUI/S57/support/BinaryBufferedFile.java:545:49: Unable to get class information for FormatException.
/home/dashaa/ODeskJobs/PlanteMayoLtd/debrief_daria/trunk/org.mwc.cmap.legacy/src/MWC/GUI/S57/support/BinaryBufferedFile.java:564:13: Unable to get class information for FormatException.
/home/dashaa/ODeskJobs/PlanteMayoLtd/debrief_daria/trunk/org.mwc.cmap.legacy/src/MWC/GUI/S57/support/BinaryFile.java:505:34: Unable to get class information for FormatException.
/home/dashaa/ODeskJobs/PlanteMayoLtd/debrief_daria/trunk/org.mwc.cmap.legacy/src/MWC/GUI/S57/support/BinaryFile.java:518:49: Unable to get class information for FormatException.
/home/dashaa/ODeskJobs/PlanteMayoLtd/debrief_daria/trunk/org.mwc.cmap.legacy/src/MWC/GUI/S57/support/BinaryFile.java:542:51: Unable to get class information for FormatException.
/home/dashaa/ODeskJobs/PlanteMayoLtd/debrief_daria/trunk/org.mwc.cmap.legacy/src/MWC/GUI/S57/support/BinaryFile.java:558:51: Unable to get class information for FormatException.
/home/dashaa/ODeskJobs/PlanteMayoLtd/debrief_daria/trunk/org.mwc.cmap.legacy/src/MWC/GUI/S57/support/BinaryFile.java:564:34: Unable to get class information for FormatException.
/home/dashaa/ODeskJobs/PlanteMayoLtd/debrief_daria/trunk/org.mwc.cmap.legacy/src/MWC/GUI/S57/support/BinaryFile.java:581:49: Unable to get class information for FormatException.
/home/dashaa/ODeskJobs/PlanteMayoLtd/debrief_daria/trunk/org.mwc.cmap.legacy/src/MWC/GUI/S57/support/BinaryFile.java:596:51: Unable to get class information for FormatException.
/home/dashaa/ODeskJobs/PlanteMayoLtd/debrief_daria/trunk/org.mwc.cmap.legacy/src/MWC/GUI/S57/support/BinaryFile.java:601:34: Unable to get class information for FormatException.
/home/dashaa/ODeskJobs/PlanteMayoLtd/debrief_daria/trunk/org.mwc.cmap.legacy/src/MWC/GUI/S57/support/BinaryFile.java:618:53: Unable to get class information for FormatException.
/home/dashaa/ODeskJobs/PlanteMayoLtd/debrief_daria/trunk/org.mwc.cmap.legacy/src/MWC/GUI/S57/support/BinaryFile.java:634:13: Unable to get class information for FormatException.
/home/dashaa/ODeskJobs/PlanteMayoLtd/debrief_daria/trunk/org.mwc.cmap.legacy/src/MWC/GUI/S57/support/BinaryFile.java:653:64: Unable to get class information for FormatException.
/home/dashaa/ODeskJobs/PlanteMayoLtd/debrief_daria/trunk/org.mwc.cmap.legacy/src/MWC/GUI/S57/support/BinaryFile.java:670:54: Unable to get class information for FormatException.
/home/dashaa/ODeskJobs/PlanteMayoLtd/debrief_daria/trunk/org.mwc.cmap.legacy/src/MWC/GUI/S57/support/BinaryFile.java:722:18: Control variable 'i' is modified.
/home/dashaa/ODeskJobs/PlanteMayoLtd/debrief_daria/trunk/org.mwc.cmap.legacy/src/MWC/GUI/S57/support/BinaryFile.java:733:18: Control variable 'i' is modified.
/home/dashaa/ODeskJobs/PlanteMayoLtd/debrief_daria/trunk/org.mwc.cmap.legacy/src/MWC/GUI/S57/support/FileInputReader.java:245:30: Unable to get class information for FormatException.
/home/dashaa/ODeskJobs/PlanteMayoLtd/debrief_daria/trunk/org.mwc.cmap.legacy/src/MWC/GUI/S57/support/InputReader.java:144:34: Unable to get class information for FormatException.
/home/dashaa/ODeskJobs/PlanteMayoLtd/debrief_daria/trunk/org.mwc.cmap.legacy/src/MWC/GUI/S57/support/StreamInputReader.java:297:34: Unable to get class information for FormatException.
/home/dashaa/ODeskJobs/PlanteMayoLtd/debrief_daria/trunk/org.mwc.cmap.legacy/src/MWC/GUI/Shapes/LineShape.java:446:17: switch without "default" clause.
/home/dashaa/ODeskJobs/PlanteMayoLtd/debrief_daria/trunk/org.mwc.cmap.legacy/src/MWC/GUI/Shapes/PlainShape.java:391:25: switch without "default" clause.
/home/dashaa/ODeskJobs/PlanteMayoLtd/debrief_daria/trunk/org.mwc.cmap.legacy/src/MWC/GUI/Shapes/Symbols/SymbolScalePropertyEditor.java:106:18: String literal expressions should be on the left side of an equals comparison.
/home/dashaa/ODeskJobs/PlanteMayoLtd/debrief_daria/trunk/org.mwc.cmap.legacy/src/MWC/GUI/Shapes/Symbols/SymbolScalePropertyEditor.java:112:20: String literal expressions should be on the left side of an equals comparison.
/home/dashaa/ODeskJobs/PlanteMayoLtd/debrief_daria/trunk/org.mwc.cmap.legacy/src/MWC/GUI/Shapes/TextLabel.java:415:17: switch without "default" clause.
/home/dashaa/ODeskJobs/PlanteMayoLtd/debrief_daria/trunk/org.mwc.cmap.legacy/src/MWC/GUI/Shapes/TextLabel.java:579:17: switch without "default" clause.
/home/dashaa/ODeskJobs/PlanteMayoLtd/debrief_daria/trunk/org.mwc.cmap.legacy/src/MWC/GUI/SplitPanel/BeanPanel.java:121:5: switch without "default" clause.
/home/dashaa/ODeskJobs/PlanteMayoLtd/debrief_daria/trunk/org.mwc.cmap.legacy/src/MWC/GUI/SplitPanel/BeanPanel.java:142:5: switch without "default" clause.
/home/dashaa/ODeskJobs/PlanteMayoLtd/debrief_daria/trunk/org.mwc.cmap.legacy/src/MWC/GUI/SplitPanel/BeanPanel.java:153:5: switch without "default" clause.
/home/dashaa/ODeskJobs/PlanteMayoLtd/debrief_daria/trunk/org.mwc.cmap.legacy/src/MWC/GUI/SplitPanel/BeanPanel.java:196:7: switch without "default" clause.
/home/dashaa/ODeskJobs/PlanteMayoLtd/debrief_daria/trunk/org.mwc.cmap.legacy/src/MWC/GUI/Swing/Spinner/Spinner.java:96:21: switch without "default" clause.
/home/dashaa/ODeskJobs/PlanteMayoLtd/debrief_daria/trunk/org.mwc.cmap.legacy/src/MWC/GUI/TabPanel/AWTTabPanel.java:80:31: String literal expressions should be on the left side of an equals comparison.
/home/dashaa/ODeskJobs/PlanteMayoLtd/debrief_daria/trunk/org.mwc.cmap.legacy/src/MWC/GUI/TabPanel/ButtonBase.java:1268:43: String literal expressions should be on the left side of an equals comparison.
/home/dashaa/ODeskJobs/PlanteMayoLtd/debrief_daria/trunk/org.mwc.cmap.legacy/src/MWC/GUI/TabPanel/ColorUtils.java:40:82: Redundant throws: 'IllegalArgumentException' is unchecked exception.
/home/dashaa/ODeskJobs/PlanteMayoLtd/debrief_daria/trunk/org.mwc.cmap.legacy/src/MWC/GUI/TabPanel/ColorUtils.java:57:70: Redundant throws: 'IllegalArgumentException' is unchecked exception.
/home/dashaa/ODeskJobs/PlanteMayoLtd/debrief_daria/trunk/org.mwc.cmap.legacy/src/MWC/GUI/TabPanel/ColorUtils.java:78:83: Redundant throws: 'IllegalArgumentException' is unchecked exception.
/home/dashaa/ODeskJobs/PlanteMayoLtd/debrief_daria/trunk/org.mwc.cmap.legacy/src/MWC/GUI/TabPanel/ColorUtils.java:97:71: Redundant throws: 'IllegalArgumentException' is unchecked exception.
/home/dashaa/ODeskJobs/PlanteMayoLtd/debrief_daria/trunk/org.mwc.cmap.legacy/src/MWC/GUI/TabPanel/ColorUtils.java:117:81: Redundant throws: 'IllegalArgumentException' is unchecked exception.
/home/dashaa/ODeskJobs/PlanteMayoLtd/debrief_daria/trunk/org.mwc.cmap.legacy/src/MWC/GUI/TabPanel/DirectionButton.java:563:9: switch without "default" clause.
/home/dashaa/ODeskJobs/PlanteMayoLtd/debrief_daria/trunk/org.mwc.cmap.legacy/src/MWC/GUI/TabPanel/DirectionButton.java:615:17: switch without "default" clause.
/home/dashaa/ODeskJobs/PlanteMayoLtd/debrief_daria/trunk/org.mwc.cmap.legacy/src/MWC/GUI/TabPanel/GeneralUtils.java:82:69: Redundant throws: 'IllegalArgumentException' is unchecked exception.
/home/dashaa/ODeskJobs/PlanteMayoLtd/debrief_daria/trunk/org.mwc.cmap.legacy/src/MWC/GUI/TabPanel/OS.java:35:20: String literal expressions should be on the left side of an equals comparison.
/home/dashaa/ODeskJobs/PlanteMayoLtd/debrief_daria/trunk/org.mwc.cmap.legacy/src/MWC/GUI/TabPanel/OS.java:39:25: String literal expressions should be on the left side of an equals comparison.
/home/dashaa/ODeskJobs/PlanteMayoLtd/debrief_daria/trunk/org.mwc.cmap.legacy/src/MWC/GUI/TabPanel/OS.java:43:26: String literal expressions should be on the left side of an equals comparison.
/home/dashaa/ODeskJobs/PlanteMayoLtd/debrief_daria/trunk/org.mwc.cmap.legacy/src/MWC/GUI/TabPanel/OS.java:44:42: String literal expressions should be on the left side of an equals comparison.
/home/dashaa/ODeskJobs/PlanteMayoLtd/debrief_daria/trunk/org.mwc.cmap.legacy/src/MWC/GUI/TabPanel/OS.java:45:42: String literal expressions should be on the left side of an equals comparison.
/home/dashaa/ODeskJobs/PlanteMayoLtd/debrief_daria/trunk/org.mwc.cmap.legacy/src/MWC/GUI/TabPanel/OS.java:46:42: String literal expressions should be on the left side of an equals comparison.
/home/dashaa/ODeskJobs/PlanteMayoLtd/debrief_daria/trunk/org.mwc.cmap.legacy/src/MWC/GUI/TabPanel/OS.java:50:26: String literal expressions should be on the left side of an equals comparison.
/home/dashaa/ODeskJobs/PlanteMayoLtd/debrief_daria/trunk/org.mwc.cmap.legacy/src/MWC/GUI/TabPanel/OS.java:51:42: String literal expressions should be on the left side of an equals comparison.
/home/dashaa/ODeskJobs/PlanteMayoLtd/debrief_daria/trunk/org.mwc.cmap.legacy/src/MWC/GUI/TabPanel/SwingTabPanel.java:35:20: String literal expressions should be on the left side of an equals comparison.
/home/dashaa/ODeskJobs/PlanteMayoLtd/debrief_daria/trunk/org.mwc.cmap.legacy/src/MWC/GUI/TabPanel/SwingTabPanel.java:51:20: String literal expressions should be on the left side of an equals comparison.
/home/dashaa/ODeskJobs/PlanteMayoLtd/debrief_daria/trunk/org.mwc.cmap.legacy/src/MWC/GUI/Tools/Chart/MoveDirection.java:121:17: switch without "default" clause.
/home/dashaa/ODeskJobs/PlanteMayoLtd/debrief_daria/trunk/org.mwc.cmap.legacy/src/MWC/GUI/Tools/Chart/RightClickEdit.java:858:80: String literal expressions should be on the left side of an equals comparison.
/home/dashaa/ODeskJobs/PlanteMayoLtd/debrief_daria/trunk/org.mwc.cmap.legacy/src/MWC/GUI/Tools/Chart/RightClickEdit.java:977:77: String literal expressions should be on the left side of an equals comparison.
/home/dashaa/ODeskJobs/PlanteMayoLtd/debrief_daria/trunk/org.mwc.cmap.legacy/src/MWC/GUI/Tools/Operations/Open.java:143:55: String literal expressions should be on the left side of an equals comparison.
/home/dashaa/ODeskJobs/PlanteMayoLtd/debrief_daria/trunk/org.mwc.cmap.legacy/src/MWC/GUI/Tools/Swing/MyBasicToolBarUI.java:863:38: String literal expressions should be on the left side of an equals comparison.
/home/dashaa/ODeskJobs/PlanteMayoLtd/debrief_daria/trunk/org.mwc.cmap.legacy/src/MWC/GUI/Undo/UndoBuffer.java:195:5: switch without "default" clause.
/home/dashaa/ODeskJobs/PlanteMayoLtd/debrief_daria/trunk/org.mwc.cmap.legacy/src/MWC/GUI/VPF/LibraryLayer.java:116:43: String literal expressions should be on the left side of an equals comparison.
/home/dashaa/ODeskJobs/PlanteMayoLtd/debrief_daria/trunk/org.mwc.cmap.legacy/src/MWC/GUI/Video/GrabControlSupport.java:134:34: Redundant throws: 'java.io.FileNotFoundException' is subclass of 'java.io.IOException'.
/home/dashaa/ODeskJobs/PlanteMayoLtd/debrief_daria/trunk/org.mwc.cmap.legacy/src/MWC/GUI/Video/GrabControlSupport.java:134:86: Unable to get class information for javax.media.MediaException.
/home/dashaa/ODeskJobs/PlanteMayoLtd/debrief_daria/trunk/org.mwc.cmap.legacy/src/MWC/TacticalData/GND/GTrack.java:338:57: String literal expressions should be on the left side of an equals comparison.
/home/dashaa/ODeskJobs/PlanteMayoLtd/debrief_daria/trunk/org.mwc.cmap.legacy/src/MWC/Utilities/ReaderWriter/ImportManager.java:262:30: String literal expressions should be on the left side of an equals comparison.
/home/dashaa/ODeskJobs/PlanteMayoLtd/debrief_daria/trunk/org.mwc.cmap.legacy/src/MWC/Utilities/ReaderWriter/XML/MWCXMLReader.java:436:45: String literal expressions should be on the left side of an equals comparison.
/home/dashaa/ODeskJobs/PlanteMayoLtd/debrief_daria/trunk/org.mwc.cmap.legacy/src/MWC/Utilities/ReaderWriter/XML/MWCXMLReaderWriter.java:236:37: String literal expressions should be on the left side of an equals comparison.
/home/dashaa/ODeskJobs/PlanteMayoLtd/debrief_daria/trunk/org.mwc.cmap.legacy/src/MWC/Utilities/ReaderWriter/XML/Util/ColourHandler.java:63:38: String literal expressions should be on the left side of an equals comparison.
/home/dashaa/ODeskJobs/PlanteMayoLtd/debrief_daria/trunk/org.mwc.cmap.legacy/src/MWC/Utilities/ReaderWriter/XML/Util/ColourHandler.java:67:43: String literal expressions should be on the left side of an equals comparison.
/home/dashaa/ODeskJobs/PlanteMayoLtd/debrief_daria/trunk/org.mwc.cmap.legacy/src/MWC/Utilities/ReaderWriter/XML/Util/ColourHandler.java:71:43: String literal expressions should be on the left side of an equals comparison.
/home/dashaa/ODeskJobs/PlanteMayoLtd/debrief_daria/trunk/org.mwc.cmap.legacy/src/MWC/Utilities/ReaderWriter/XML/Util/ColourHandler.java:75:43: String literal expressions should be on the left side of an equals comparison.
/home/dashaa/ODeskJobs/PlanteMayoLtd/debrief_daria/trunk/org.mwc.cmap.legacy/src/MWC/Utilities/ReaderWriter/XML/Util/ColourHandler.java:111:31: String literal expressions should be on the left side of an equals comparison.
/home/dashaa/ODeskJobs/PlanteMayoLtd/debrief_daria/trunk/org.mwc.cmap.legacy/src/MWC/Utilities/ReaderWriter/XML/Util/ColourHandler.java:138:31: String literal expressions should be on the left side of an equals comparison.
/home/dashaa/ODeskJobs/PlanteMayoLtd/debrief_daria/trunk/org.mwc.cmap.legacy/src/MWC/Utilities/ReaderWriter/XML/Util/LongLocationHandler.java:49:19: String literal expressions should be on the left side of an equals comparison.
/home/dashaa/ODeskJobs/PlanteMayoLtd/debrief_daria/trunk/org.mwc.cmap.legacy/src/MWC/Utilities/ReaderWriter/XML/Util/LongLocationHandler.java:51:24: String literal expressions should be on the left side of an equals comparison.
/home/dashaa/ODeskJobs/PlanteMayoLtd/debrief_daria/trunk/org.mwc.cmap.legacy/src/MWC/Utilities/ReaderWriter/XML/Util/LongLocationHandler.java:53:24: String literal expressions should be on the left side of an equals comparison.
/home/dashaa/ODeskJobs/PlanteMayoLtd/debrief_daria/trunk/org.mwc.cmap.legacy/src/MWC/Utilities/ReaderWriter/XML/Util/LongLocationHandler.java:55:24: String literal expressions should be on the left side of an equals comparison.
/home/dashaa/ODeskJobs/PlanteMayoLtd/debrief_daria/trunk/org.mwc.cmap.legacy/src/MWC/Utilities/ReaderWriter/XML/Util/LongLocationHandler.java:57:24: String literal expressions should be on the left side of an equals comparison.
/home/dashaa/ODeskJobs/PlanteMayoLtd/debrief_daria/trunk/org.mwc.cmap.legacy/src/MWC/Utilities/ReaderWriter/XML/Util/LongLocationHandler.java:59:24: String literal expressions should be on the left side of an equals comparison.
/home/dashaa/ODeskJobs/PlanteMayoLtd/debrief_daria/trunk/org.mwc.cmap.legacy/src/MWC/Utilities/ReaderWriter/XML/Util/LongLocationHandler.java:61:24: String literal expressions should be on the left side of an equals comparison.
/home/dashaa/ODeskJobs/PlanteMayoLtd/debrief_daria/trunk/org.mwc.cmap.legacy/src/MWC/Utilities/ReaderWriter/XML/Util/LongLocationHandler.java:63:24: String literal expressions should be on the left side of an equals comparison.
/home/dashaa/ODeskJobs/PlanteMayoLtd/debrief_daria/trunk/org.mwc.cmap.legacy/src/MWC/Utilities/ReaderWriter/XML/Util/LongLocationHandler.java:66:21: String literal expressions should be on the left side of an equals comparison.
/home/dashaa/ODeskJobs/PlanteMayoLtd/debrief_daria/trunk/org.mwc.cmap.legacy/src/MWC/Utilities/ReaderWriter/XML/Util/ShortLocationHandler.java:44:21: String literal expressions should be on the left side of an equals comparison.
/home/dashaa/ODeskJobs/PlanteMayoLtd/debrief_daria/trunk/org.mwc.cmap.legacy/src/MWC/Utilities/ReaderWriter/XML/Util/ShortLocationHandler.java:47:23: String literal expressions should be on the left side of an equals comparison.
/home/dashaa/ODeskJobs/PlanteMayoLtd/debrief_daria/trunk/org.mwc.cmap.legacy/src/MWC/Utilities/ReaderWriter/XML/Util/ShortLocationHandler.java:50:23: String literal expressions should be on the left side of an equals comparison.
/home/dashaa/ODeskJobs/PlanteMayoLtd/debrief_daria/trunk/org.mwc.cmap.legacy/src/MWC/Utilities/ReaderWriter/XML/Util/TimeRangeHandler.java:53:20: String literal expressions should be on the left side of an equals comparison.
/home/dashaa/ODeskJobs/PlanteMayoLtd/debrief_daria/trunk/org.mwc.cmap.legacy/src/MWC/Utilities/ReaderWriter/XML/Util/TimeRangeHandler.java:55:25: String literal expressions should be on the left side of an equals comparison.
/home/dashaa/ODeskJobs/PlanteMayoLtd/debrief_daria/trunk/org.mwc.cmap.legacy/src/MWC/Utilities/ReaderWriter/XML/XMLReaderWriter.java:138:24: String literal expressions should be on the left side of an equals comparison.
/home/dashaa/ODeskJobs/PlanteMayoLtd/debrief_daria/trunk/org.mwc.cmap.legacy/src/MWC/Utilities/ReaderWriter/json/GNDDocHandler.java:284:59: Unable to get class information for JsonParseException.
/home/dashaa/ODeskJobs/PlanteMayoLtd/debrief_daria/trunk/org.mwc.cmap.legacy/src/MWC/Utilities/ReaderWriter/json/GNDDocHandler.java:285:33: Redundant throws: 'JsonMappingException' listed more then one time.
/home/dashaa/ODeskJobs/PlanteMayoLtd/debrief_daria/trunk/org.mwc.cmap.legacy/src/MWC/Utilities/ReaderWriter/json/GNDDocHandler.java:285:33: Unable to get class information for JsonMappingException.
/home/dashaa/ODeskJobs/PlanteMayoLtd/debrief_daria/trunk/org.mwc.cmap.legacy/src/MWC/Utilities/ReaderWriter/json/GNDStore.java:43:40: Unable to get class information for JsonParseException.
/home/dashaa/ODeskJobs/PlanteMayoLtd/debrief_daria/trunk/org.mwc.cmap.legacy/src/MWC/Utilities/ReaderWriter/json/GNDStore.java:43:60: Redundant throws: 'JsonMappingException' listed more then one time.
/home/dashaa/ODeskJobs/PlanteMayoLtd/debrief_daria/trunk/org.mwc.cmap.legacy/src/MWC/Utilities/ReaderWriter/json/GNDStore.java:43:60: Unable to get class information for JsonMappingException.
/home/dashaa/ODeskJobs/PlanteMayoLtd/debrief_daria/trunk/org.mwc.cmap.legacy/src/MWC/Utilities/ReaderWriter/json/GNDStore.java:65:46: Unable to get class information for JsonGenerationException.
/home/dashaa/ODeskJobs/PlanteMayoLtd/debrief_daria/trunk/org.mwc.cmap.legacy/src/MWC/Utilities/ReaderWriter/json/GNDStore.java:66:25: Redundant throws: 'JsonMappingException' listed more then one time.
/home/dashaa/ODeskJobs/PlanteMayoLtd/debrief_daria/trunk/org.mwc.cmap.legacy/src/MWC/Utilities/ReaderWriter/json/GNDStore.java:66:25: Unable to get class information for JsonMappingException.
/home/dashaa/ODeskJobs/PlanteMayoLtd/debrief_daria/trunk/org.mwc.cmap.legacy/src/MWC/Utilities/ReaderWriter/json/GNDStore.java:78:66: Unable to get class information for JsonParseException.
/home/dashaa/ODeskJobs/PlanteMayoLtd/debrief_daria/trunk/org.mwc.cmap.legacy/src/MWC/Utilities/ReaderWriter/json/GNDStore.java:79:25: Redundant throws: 'JsonMappingException' listed more then one time.
/home/dashaa/ODeskJobs/PlanteMayoLtd/debrief_daria/trunk/org.mwc.cmap.legacy/src/MWC/Utilities/ReaderWriter/json/GNDStore.java:79:25: Unable to get class information for JsonMappingException.
/home/dashaa/ODeskJobs/PlanteMayoLtd/debrief_daria/trunk/org.mwc.cmap.legacy/src/MWC/Utilities/ReaderWriter/json/GNDStore.java:92:46: Unable to get class information for JsonParseException.
/home/dashaa/ODeskJobs/PlanteMayoLtd/debrief_daria/trunk/org.mwc.cmap.legacy/src/MWC/Utilities/ReaderWriter/json/GNDStore.java:92:66: Redundant throws: 'JsonMappingException' listed more then one time.
/home/dashaa/ODeskJobs/PlanteMayoLtd/debrief_daria/trunk/org.mwc.cmap.legacy/src/MWC/Utilities/ReaderWriter/json/GNDStore.java:92:66: Unable to get class information for JsonMappingException.
/home/dashaa/ODeskJobs/PlanteMayoLtd/debrief_daria/trunk/org.mwc.cmap.legacy/src/MWC/Utilities/ReaderWriter/json/GNDStore.java:115:47: Unable to get class information for JsonGenerationException.
/home/dashaa/ODeskJobs/PlanteMayoLtd/debrief_daria/trunk/org.mwc.cmap.legacy/src/MWC/Utilities/ReaderWriter/json/GNDStore.java:116:33: Redundant throws: 'JsonMappingException' listed more then one time.
/home/dashaa/ODeskJobs/PlanteMayoLtd/debrief_daria/trunk/org.mwc.cmap.legacy/src/MWC/Utilities/ReaderWriter/json/GNDStore.java:116:33: Unable to get class information for JsonMappingException.
/home/dashaa/ODeskJobs/PlanteMayoLtd/debrief_daria/trunk/org.mwc.cmap.legacy/src/MWC/Utilities/ReaderWriter/json/GNDStore.java:130:52: Unable to get class information for JsonGenerationException.
/home/dashaa/ODeskJobs/PlanteMayoLtd/debrief_daria/trunk/org.mwc.cmap.legacy/src/MWC/Utilities/ReaderWriter/json/GNDStore.java:131:33: Redundant throws: 'JsonMappingException' listed more then one time.
/home/dashaa/ODeskJobs/PlanteMayoLtd/debrief_daria/trunk/org.mwc.cmap.legacy/src/MWC/Utilities/ReaderWriter/json/GNDStore.java:131:33: Unable to get class information for JsonMappingException.
/home/dashaa/ODeskJobs/PlanteMayoLtd/debrief_daria/trunk/org.mwc.cmap.legacy/src/MWC/Utilities/ReaderWriter/json/GNDStore.java:161:52: Unable to get class information for JsonGenerationException.
/home/dashaa/ODeskJobs/PlanteMayoLtd/debrief_daria/trunk/org.mwc.cmap.legacy/src/MWC/Utilities/ReaderWriter/json/GNDStore.java:162:33: Redundant throws: 'JsonMappingException' listed more then one time.
/home/dashaa/ODeskJobs/PlanteMayoLtd/debrief_daria/trunk/org.mwc.cmap.legacy/src/MWC/Utilities/ReaderWriter/json/GNDStore.java:162:33: Unable to get class information for JsonMappingException.
/home/dashaa/ODeskJobs/PlanteMayoLtd/debrief_daria/trunk/org.mwc.cmap.tote/src/org/mwc/cmap/tote/views/ToteView.java:397:67: Unable to get class information for PartInitException.
/home/dashaa/ODeskJobs/PlanteMayoLtd/debrief_daria/trunk/org.mwc.cmap.xyplot/src/org/mwc/cmap/xyplot/views/XYPlotView.java:1076:67: Unable to get class information for PartInitException.
/home/dashaa/ODeskJobs/PlanteMayoLtd/debrief_daria/trunk/org.mwc.debrief.GNDManager/src/org/mwc/debrief/gndmanager/ConvertToDebriefTrack.java:123:40: Unable to get class information for ExecutionException.
/home/dashaa/ODeskJobs/PlanteMayoLtd/debrief_daria/trunk/org.mwc.debrief.GNDManager/src/org/mwc/debrief/gndmanager/ConvertToDebriefTrack.java:157:40: Unable to get class information for ExecutionException.
/home/dashaa/ODeskJobs/PlanteMayoLtd/debrief_daria/trunk/org.mwc.debrief.GNDManager/src/org/mwc/debrief/gndmanager/ExportToCloud.java:124:40: Unable to get class information for ExecutionException.
/home/dashaa/ODeskJobs/PlanteMayoLtd/debrief_daria/trunk/org.mwc.debrief.GNDManager/src/org/mwc/debrief/gndmanager/ExportToCloud.java:210:40: Unable to get class information for ExecutionException.
/home/dashaa/ODeskJobs/PlanteMayoLtd/debrief_daria/trunk/org.mwc.debrief.GNDManager/src/org/mwc/debrief/gndmanager/Tracks/TrackStoreWrapper.java:112:31: Literal Strings should be compared using equals(), not '=='.
/home/dashaa/ODeskJobs/PlanteMayoLtd/debrief_daria/trunk/org.mwc.debrief.GNDManager/src/org/mwc/debrief/gndmanager/Tracks/TrackStoreWrapper.java:114:28: Literal Strings should be compared using equals(), not '=='.
/home/dashaa/ODeskJobs/PlanteMayoLtd/debrief_daria/trunk/org.mwc.debrief.core/src/org/mwc/debrief/core/ContextOperations/GenerateInfillSegment.java:126:40: Unable to get class information for ExecutionException.
/home/dashaa/ODeskJobs/PlanteMayoLtd/debrief_daria/trunk/org.mwc.debrief.core/src/org/mwc/debrief/core/ContextOperations/GenerateInfillSegment.java:223:40: Unable to get class information for ExecutionException.
/home/dashaa/ODeskJobs/PlanteMayoLtd/debrief_daria/trunk/org.mwc.debrief.core/src/org/mwc/debrief/core/ContextOperations/GenerateNewNarrativeEntry.java:58:40: Unable to get class information for ExecutionException.
/home/dashaa/ODeskJobs/PlanteMayoLtd/debrief_daria/trunk/org.mwc.debrief.core/src/org/mwc/debrief/core/ContextOperations/GenerateNewNarrativeEntry.java:94:40: Unable to get class information for ExecutionException.
/home/dashaa/ODeskJobs/PlanteMayoLtd/debrief_daria/trunk/org.mwc.debrief.core/src/org/mwc/debrief/core/ContextOperations/GenerateNewSensor.java:51:40: Unable to get class information for ExecutionException.
/home/dashaa/ODeskJobs/PlanteMayoLtd/debrief_daria/trunk/org.mwc.debrief.core/src/org/mwc/debrief/core/ContextOperations/GenerateNewSensor.java:75:40: Unable to get class information for ExecutionException.
/home/dashaa/ODeskJobs/PlanteMayoLtd/debrief_daria/trunk/org.mwc.debrief.core/src/org/mwc/debrief/core/ContextOperations/GenerateNewSensorContact.java:60:40: Unable to get class information for ExecutionException.
/home/dashaa/ODeskJobs/PlanteMayoLtd/debrief_daria/trunk/org.mwc.debrief.core/src/org/mwc/debrief/core/ContextOperations/GenerateNewSensorContact.java:84:40: Unable to get class information for ExecutionException.
/home/dashaa/ODeskJobs/PlanteMayoLtd/debrief_daria/trunk/org.mwc.debrief.core/src/org/mwc/debrief/core/ContextOperations/GenerateTMASegment.java:93:40: Unable to get class information for ExecutionException.
/home/dashaa/ODeskJobs/PlanteMayoLtd/debrief_daria/trunk/org.mwc.debrief.core/src/org/mwc/debrief/core/ContextOperations/GenerateTMASegment.java:118:40: Unable to get class information for ExecutionException.
/home/dashaa/ODeskJobs/PlanteMayoLtd/debrief_daria/trunk/org.mwc.debrief.core/src/org/mwc/debrief/core/ContextOperations/GenerateTUASolution.java:85:40: Unable to get class information for ExecutionException.
/home/dashaa/ODeskJobs/PlanteMayoLtd/debrief_daria/trunk/org.mwc.debrief.core/src/org/mwc/debrief/core/ContextOperations/GenerateTUASolution.java:144:40: Unable to get class information for ExecutionException.
/home/dashaa/ODeskJobs/PlanteMayoLtd/debrief_daria/trunk/org.mwc.debrief.core/src/org/mwc/debrief/core/ContextOperations/GenerateTrack.java:130:90: Unable to get class information for ExecutionException.
/home/dashaa/ODeskJobs/PlanteMayoLtd/debrief_daria/trunk/org.mwc.debrief.core/src/org/mwc/debrief/core/ContextOperations/GenerateTrack.java:173:87: Unable to get class information for ExecutionException.
/home/dashaa/ODeskJobs/PlanteMayoLtd/debrief_daria/trunk/org.mwc.debrief.core/src/org/mwc/debrief/core/ContextOperations/GroupTracks.java:124:40: Unable to get class information for ExecutionException.
/home/dashaa/ODeskJobs/PlanteMayoLtd/debrief_daria/trunk/org.mwc.debrief.core/src/org/mwc/debrief/core/ContextOperations/GroupTracks.java:152:40: Unable to get class information for ExecutionException.
/home/dashaa/ODeskJobs/PlanteMayoLtd/debrief_daria/trunk/org.mwc.debrief.core/src/org/mwc/debrief/core/ContextOperations/ImportAsTrack.java:120:40: Unable to get class information for ExecutionException.
/home/dashaa/ODeskJobs/PlanteMayoLtd/debrief_daria/trunk/org.mwc.debrief.core/src/org/mwc/debrief/core/ContextOperations/ImportAsTrack.java:166:40: Unable to get class information for ExecutionException.
/home/dashaa/ODeskJobs/PlanteMayoLtd/debrief_daria/trunk/org.mwc.debrief.core/src/org/mwc/debrief/core/ContextOperations/InterpolateTrack.java:127:40: Unable to get class information for ExecutionException.
/home/dashaa/ODeskJobs/PlanteMayoLtd/debrief_daria/trunk/org.mwc.debrief.core/src/org/mwc/debrief/core/ContextOperations/InterpolateTrack.java:180:40: Unable to get class information for ExecutionException.
/home/dashaa/ODeskJobs/PlanteMayoLtd/debrief_daria/trunk/org.mwc.debrief.core/src/org/mwc/debrief/core/ContextOperations/MergeContacts.java:116:40: Unable to get class information for ExecutionException.
/home/dashaa/ODeskJobs/PlanteMayoLtd/debrief_daria/trunk/org.mwc.debrief.core/src/org/mwc/debrief/core/ContextOperations/MergeContacts.java:145:40: Unable to get class information for ExecutionException.
/home/dashaa/ODeskJobs/PlanteMayoLtd/debrief_daria/trunk/org.mwc.debrief.core/src/org/mwc/debrief/core/ContextOperations/MergeTracks.java:171:40: Unable to get class information for ExecutionException.
/home/dashaa/ODeskJobs/PlanteMayoLtd/debrief_daria/trunk/org.mwc.debrief.core/src/org/mwc/debrief/core/ContextOperations/MergeTracks.java:198:40: Unable to get class information for ExecutionException.
/home/dashaa/ODeskJobs/PlanteMayoLtd/debrief_daria/trunk/org.mwc.debrief.core/src/org/mwc/debrief/core/ContextOperations/MergeTracks.java:224:40: Unable to get class information for ExecutionException.
/home/dashaa/ODeskJobs/PlanteMayoLtd/debrief_daria/trunk/org.mwc.debrief.core/src/org/mwc/debrief/core/ContextOperations/MergeTracks.java:258:40: Unable to get class information for ExecutionException.
/home/dashaa/ODeskJobs/PlanteMayoLtd/debrief_daria/trunk/org.mwc.debrief.core/src/org/mwc/debrief/core/editors/PlotEditor.java:343:32: Unable to get class information for PartInitException.
/home/dashaa/ODeskJobs/PlanteMayoLtd/debrief_daria/trunk/org.mwc.debrief.core/src/org/mwc/debrief/core/editors/PlotEditor.java:827:53: Literal Strings should be compared using equals(), not '!='.
/home/dashaa/ODeskJobs/PlanteMayoLtd/debrief_daria/trunk/org.mwc.debrief.core/src/org/mwc/debrief/core/editors/PlotEditor.java:1092:68: String literal expressions should be on the left side of an equalsIgnoreCase comparison.
/home/dashaa/ODeskJobs/PlanteMayoLtd/debrief_daria/trunk/org.mwc.debrief.core/src/org/mwc/debrief/core/loaders/GpxUtil.java:70:78: Unable to get class information for JDOMException.
/home/dashaa/ODeskJobs/PlanteMayoLtd/debrief_daria/trunk/org.mwc.debrief.core/src/org/mwc/debrief/core/loaders/xml_handlers/ProjectionHandler.java:140:33: String literal expressions should be on the left side of an equals comparison.
/home/dashaa/ODeskJobs/PlanteMayoLtd/debrief_daria/trunk/org.mwc.debrief.core/src/org/mwc/debrief/core/wizards/NewPlotWizard.java:104:58: Unable to get class information for CoreException.
/home/dashaa/ODeskJobs/PlanteMayoLtd/debrief_daria/trunk/org.mwc.debrief.core/src/org/mwc/debrief/core/wizards/NewPlotWizard.java:242:64: Unable to get class information for CoreException.
/home/dashaa/ODeskJobs/PlanteMayoLtd/debrief_daria/trunk/org.mwc.debrief.data_feed/src/org/mwc/debrief/data_feed/views/DataFeed.java:113:68: String literal expressions should be on the left side of an equals comparison.
/home/dashaa/ODeskJobs/PlanteMayoLtd/debrief_daria/trunk/org.mwc.debrief.legacy/src/Debrief/GUI/Frames/Application.java:717:50: String literal expressions should be on the left side of an equalsIgnoreCase comparison.
/home/dashaa/ODeskJobs/PlanteMayoLtd/debrief_daria/trunk/org.mwc.debrief.legacy/src/Debrief/GUI/Frames/Application.java:724:59: String literal expressions should be on the left side of an equalsIgnoreCase comparison.
/home/dashaa/ODeskJobs/PlanteMayoLtd/debrief_daria/trunk/org.mwc.debrief.legacy/src/Debrief/GUI/Frames/Application.java:724:94: String literal expressions should be on the left side of an equalsIgnoreCase comparison.
/home/dashaa/ODeskJobs/PlanteMayoLtd/debrief_daria/trunk/org.mwc.debrief.legacy/src/Debrief/GUI/Frames/Application.java:725:74: String literal expressions should be on the left side of an equalsIgnoreCase comparison.
/home/dashaa/ODeskJobs/PlanteMayoLtd/debrief_daria/trunk/org.mwc.debrief.legacy/src/Debrief/GUI/Frames/Application.java:769:63: String literal expressions should be on the left side of an equalsIgnoreCase comparison.
/home/dashaa/ODeskJobs/PlanteMayoLtd/debrief_daria/trunk/org.mwc.debrief.legacy/src/Debrief/GUI/Frames/Swing/SwingApplication.java:562:24: String literal expressions should be on the left side of an equals comparison.
/home/dashaa/ODeskJobs/PlanteMayoLtd/debrief_daria/trunk/org.mwc.debrief.legacy/src/Debrief/GUI/Tote/Painters/SnailPainter.java:714:77: String literal expressions should be on the left side of an equals comparison.
/home/dashaa/ODeskJobs/PlanteMayoLtd/debrief_daria/trunk/org.mwc.debrief.legacy/src/Debrief/GUI/Tote/Painters/SnailPainter.java:773:61: String literal expressions should be on the left side of an equals comparison.
/home/dashaa/ODeskJobs/PlanteMayoLtd/debrief_daria/trunk/org.mwc.debrief.legacy/src/Debrief/GUI/Tote/StepControl.java:1077:26: String literal expressions should be on the left side of an equals comparison.
/home/dashaa/ODeskJobs/PlanteMayoLtd/debrief_daria/trunk/org.mwc.debrief.legacy/src/Debrief/GUI/Tote/StepControl.java:1086:31: String literal expressions should be on the left side of an equals comparison.
/home/dashaa/ODeskJobs/PlanteMayoLtd/debrief_daria/trunk/org.mwc.debrief.legacy/src/Debrief/GUI/Tote/Swing/TimeFilter/SwingCompositeTimeEditor.java:482:5: switch without "default" clause.
/home/dashaa/ODeskJobs/PlanteMayoLtd/debrief_daria/trunk/org.mwc.debrief.legacy/src/Debrief/GUI/Views/Swing/SwingAnalysisView.java:656:23: String literal expressions should be on the left side of an equals comparison.
/home/dashaa/ODeskJobs/PlanteMayoLtd/debrief_daria/trunk/org.mwc.debrief.legacy/src/Debrief/ReaderWriter/FlatFile/DopplerShift/DopplerShiftExporter.java:72:32: Unable to get class information for ExportException.
/home/dashaa/ODeskJobs/PlanteMayoLtd/debrief_daria/trunk/org.mwc.debrief.legacy/src/Debrief/ReaderWriter/Replay/ImportFix.java:247:36: String literal expressions should be on the left side of an equals comparison.
/home/dashaa/ODeskJobs/PlanteMayoLtd/debrief_daria/trunk/org.mwc.debrief.legacy/src/Debrief/ReaderWriter/Replay/ImportReplay.java:1024:36: String literal expressions should be on the left side of an equals comparison.
/home/dashaa/ODeskJobs/PlanteMayoLtd/debrief_daria/trunk/org.mwc.debrief.legacy/src/Debrief/ReaderWriter/Replay/ImportReplay.java:1028:41: String literal expressions should be on the left side of an equals comparison.
/home/dashaa/ODeskJobs/PlanteMayoLtd/debrief_daria/trunk/org.mwc.debrief.legacy/src/Debrief/ReaderWriter/Replay/ImportReplay.java:1032:41: String literal expressions should be on the left side of an equals comparison.
/home/dashaa/ODeskJobs/PlanteMayoLtd/debrief_daria/trunk/org.mwc.debrief.legacy/src/Debrief/ReaderWriter/Replay/ImportReplay.java:1036:41: String literal expressions should be on the left side of an equals comparison.
/home/dashaa/ODeskJobs/PlanteMayoLtd/debrief_daria/trunk/org.mwc.debrief.legacy/src/Debrief/ReaderWriter/Replay/ImportReplay.java:1040:41: String literal expressions should be on the left side of an equals comparison.
/home/dashaa/ODeskJobs/PlanteMayoLtd/debrief_daria/trunk/org.mwc.debrief.legacy/src/Debrief/ReaderWriter/Replay/ImportReplay.java:1044:41: String literal expressions should be on the left side of an equals comparison.
/home/dashaa/ODeskJobs/PlanteMayoLtd/debrief_daria/trunk/org.mwc.debrief.legacy/src/Debrief/ReaderWriter/XML/ProjectionHandler.java:90:20: String literal expressions should be on the left side of an equals comparison.
/home/dashaa/ODeskJobs/PlanteMayoLtd/debrief_daria/trunk/org.mwc.debrief.legacy/src/Debrief/Tools/FilterOperations/HideRevealObjects.java:116:23: String literal expressions should be on the left side of an equals comparison.
/home/dashaa/ODeskJobs/PlanteMayoLtd/debrief_daria/trunk/org.mwc.debrief.legacy/src/Debrief/Tools/Operations/ImportData.java:180:36: Literal Strings should be compared using equals(), not '=='.
/home/dashaa/ODeskJobs/PlanteMayoLtd/debrief_daria/trunk/org.mwc.debrief.legacy/src/Debrief/Tools/Operations/ImportData.java:204:74: String literal expressions should be on the left side of an equals comparison.
/home/dashaa/ODeskJobs/PlanteMayoLtd/debrief_daria/trunk/org.mwc.debrief.legacy/src/Debrief/Tools/Operations/ImportData2.java:205:29: String literal expressions should be on the left side of an equals comparison.
/home/dashaa/ODeskJobs/PlanteMayoLtd/debrief_daria/trunk/org.mwc.debrief.legacy/src/Debrief/Tools/Operations/OpenPlot.java:31:29: String literal expressions should be on the left side of an equals comparison.
/home/dashaa/ODeskJobs/PlanteMayoLtd/debrief_daria/trunk/org.mwc.debrief.legacy/src/Debrief/Tools/Operations/OpenPlotXML.java:35:29: String literal expressions should be on the left side of an equals comparison.
/home/dashaa/ODeskJobs/PlanteMayoLtd/debrief_daria/trunk/org.mwc.debrief.legacy/src/Debrief/Tools/Operations/SavePlotAs.java:35:29: String literal expressions should be on the left side of an equals comparison.
/home/dashaa/ODeskJobs/PlanteMayoLtd/debrief_daria/trunk/org.mwc.debrief.legacy/src/Debrief/Tools/Operations/SavePlotAsXML.java:40:30: String literal expressions should be on the left side of an equals comparison.
/home/dashaa/ODeskJobs/PlanteMayoLtd/debrief_daria/trunk/org.mwc.debrief.legacy/src/Debrief/Tools/Palette/BuoyPatterns/BuoyPatternDirector.java:62:19: String literal expressions should be on the left side of an equals comparison.
/home/dashaa/ODeskJobs/PlanteMayoLtd/debrief_daria/trunk/org.mwc.debrief.legacy/src/Debrief/Tools/Palette/BuoyPatterns/BuoyPatternDirector.java:66:25: String literal expressions should be on the left side of an equals comparison.
/home/dashaa/ODeskJobs/PlanteMayoLtd/debrief_daria/trunk/org.mwc.debrief.legacy/src/Debrief/Tools/Palette/BuoyPatterns/BuoyPatternDirector.java:70:25: String literal expressions should be on the left side of an equals comparison.
/home/dashaa/ODeskJobs/PlanteMayoLtd/debrief_daria/trunk/org.mwc.debrief.legacy/src/Debrief/Tools/Palette/BuoyPatterns/BuoyPatternDirector.java:74:25: String literal expressions should be on the left side of an equals comparison.
/home/dashaa/ODeskJobs/PlanteMayoLtd/debrief_daria/trunk/org.mwc.debrief.legacy/src/Debrief/Tools/Palette/BuoyPatterns/BuoyPatternDirector.java:78:25: String literal expressions should be on the left side of an equals comparison.
/home/dashaa/ODeskJobs/PlanteMayoLtd/debrief_daria/trunk/org.mwc.debrief.legacy/src/Debrief/Tools/Palette/BuoyPatterns/FieldBuilder.java:429:39: String literal expressions should be on the left side of an equals comparison.
/home/dashaa/ODeskJobs/PlanteMayoLtd/debrief_daria/trunk/org.mwc.debrief.legacy/src/Debrief/Tools/Palette/BuoyPatterns/FieldBuilder.java:431:39: String literal expressions should be on the left side of an equals comparison.
/home/dashaa/ODeskJobs/PlanteMayoLtd/debrief_daria/trunk/org.mwc.debrief.legacy/src/Debrief/Tools/Palette/BuoyPatterns/FieldBuilder.java:433:39: String literal expressions should be on the left side of an equals comparison.
/home/dashaa/ODeskJobs/PlanteMayoLtd/debrief_daria/trunk/org.mwc.debrief.legacy/src/Debrief/Tools/Tote/Calculations/rangeCalc.java:232:44: String literal expressions should be on the left side of an equals comparison.
/home/dashaa/ODeskJobs/PlanteMayoLtd/debrief_daria/trunk/org.mwc.debrief.legacy/src/Debrief/Wrappers/BuoyPatternWrapper.java:363:25: switch without "default" clause.
/home/dashaa/ODeskJobs/PlanteMayoLtd/debrief_daria/trunk/org.mwc.debrief.legacy/src/Debrief/Wrappers/BuoyPatternWrapper.java:991:54: String literal expressions should be on the left side of an equals comparison.
/home/dashaa/ODeskJobs/PlanteMayoLtd/debrief_daria/trunk/org.mwc.debrief.legacy/src/Debrief/Wrappers/CompositeTrackWrapper.java:456:25: switch without "default" clause.
/home/dashaa/ODeskJobs/PlanteMayoLtd/debrief_daria/trunk/org.mwc.debrief.multipath2/src/org/mwc/debrief/multipath2/MultiPathView.java:116:67: Unable to get class information for PartInitException.
/home/dashaa/ODeskJobs/PlanteMayoLtd/debrief_daria/trunk/org.mwc.debrief.multipath2/src/org/mwc/debrief/multipath2/model/RangeValues.java:36:46: Redundant throws: 'NumberFormatException' is unchecked exception.
/home/dashaa/ODeskJobs/PlanteMayoLtd/debrief_daria/trunk/org.mwc.debrief.multipath2/src/org/mwc/debrief/multipath2/model/RangeValues.java:37:25: Unable to get class information for MultiPathModel.DataFormatException.
/home/dashaa/ODeskJobs/PlanteMayoLtd/debrief_daria/trunk/org.mwc.debrief.multipath2/src/org/mwc/debrief/multipath2/model/SVP.java:40:46: Redundant throws: 'NumberFormatException' is unchecked exception.
/home/dashaa/ODeskJobs/PlanteMayoLtd/debrief_daria/trunk/org.mwc.debrief.multipath2/src/org/mwc/debrief/multipath2/model/SVP.java:41:25: Unable to get class information for DataFormatException.
/home/dashaa/ODeskJobs/PlanteMayoLtd/debrief_daria/trunk/org.mwc.debrief.multipath2/src/org/mwc/debrief/multipath2/model/TimeDeltas.java:69:46: Redundant throws: 'NumberFormatException' is unchecked exception.
/home/dashaa/ODeskJobs/PlanteMayoLtd/debrief_daria/trunk/org.mwc.debrief.multipath2/src/org/mwc/debrief/multipath2/model/TimeDeltas.java:70:25: Unable to get class information for MultiPathModel.DataFormatException.
/home/dashaa/ODeskJobs/PlanteMayoLtd/debrief_daria/trunk/org.mwc.debrief.track_shift/src/org/mwc/debrief/track_shift/views/BaseStackedDotsView.java:1132:67: Unable to get class information for PartInitException.
/home/dashaa/ODeskJobs/PlanteMayoLtd/debrief_daria/trunk/org.mwc.debrief.track_shift/src/org/mwc/debrief/track_shift/views/BearingResidualsView.java:128:67: Unable to get class information for PartInitException.
Audit done.
